<test-run id="2" testcasecount="88" result="Passed" start-time="2024-05-02 23:07:35.460572" end-time="2024-05-02 23:07:36.207019" duration="0" total="88" passed="84" failed="4" inconclusive="0" skipped="0" asserts="0" clr-version="3.8.10 (default, Nov 22 2023, 10:22:35) &#10;[GCC 9.4.0]" engine-version="3.6.2"><command-line>/home/brunolnetto/github/API/venv/bin/py.test -c pytest.ini</command-line><filter /><test-suite id="tests/api/core/test_et.py" name="tests/api/core/test_et.py" fullname="tests/api/core/test_et.py" methodname="" classname="" runstate="Runnable" type="Assembly" testcasecount="1" result="Passed" label="" start-time="2024-05-02 23:07:35.535996" end-time="2024-05-02 23:07:35.536541" duration="0.000545" asserts="0" total="1" passed="1" failed="0" warnings="0" inconclusive="0" skipped="0"><properties><property name="python_version" value="3.8.10 (default, Nov 22 2023, 10:22:35) &#10;[GCC 9.4.0]" /></properties><test-case id="102" name="tests/api/core/test_et.py::test_get_items_sample" fullname="tests/api/core/test_et.py::test_get_items_sample" methodname="test_get_items_sample" classname="tests/api/core/test_et.py" runstate="Runnable" seed="1" result="Passed" label="" start-time="2024-05-02 23:07:35.535996" end-time="2024-05-02 23:07:35.536541" duration="0.000545" asserts="0"><properties><property name="python-version" value="3.8.10 (default, Nov 22 2023, 10:22:35) &#10;[GCC 9.4.0]" /><property name="fspath" value="tests/api/core/test_et.py" /></properties><environment framework-version="3.6.2" clr-version="3.8.10 (default, Nov 22 2023, 10:22:35) &#10;[GCC 9.4.0]" os-version="5.15.0-105-generic" platform="Linux" cwd="/home/brunolnetto/github/API" machine-name="x86_64" user="" user-domain="" culture="pt_BR" uiculture="pt_BR" os-architecture="64bit" /><failure><message><![CDATA[]]></message><stack-trace><![CDATA[None]]></stack-trace></failure><reason><message><![CDATA[]]></message></reason><output><![CDATA[]]></output></test-case><environment framework-version="3.6.2" clr-version="3.8.10 (default, Nov 22 2023, 10:22:35) &#10;[GCC 9.4.0]" os-version="5.15.0-105-generic" platform="Linux" cwd="/home/brunolnetto/github/API" machine-name="x86_64" user="" user-domain="" culture="pt_BR" uiculture="pt_BR" os-architecture="64bit" /></test-suite><test-suite id="tests/api/test_api_models.py" name="tests/api/test_api_models.py" fullname="tests/api/test_api_models.py" methodname="" classname="" runstate="Runnable" type="Assembly" testcasecount="7" result="Passed" label="" start-time="2024-05-02 23:07:36.121535" end-time="2024-05-02 23:07:36.126375" duration="0.00484" asserts="0" total="7" passed="7" failed="0" warnings="0" inconclusive="0" skipped="0"><properties><property name="python_version" value="3.8.10 (default, Nov 22 2023, 10:22:35) &#10;[GCC 9.4.0]" /></properties><test-case id="148" name="tests/api/test_api_models.py::test_empty_password" fullname="tests/api/test_api_models.py::test_empty_password" methodname="test_empty_password" classname="tests/api/test_api_models.py" runstate="Runnable" seed="1" result="Passed" label="" start-time="2024-05-02 23:07:36.121535" end-time="2024-05-02 23:07:36.122111" duration="0.000576" asserts="0"><properties><property name="python-version" value="3.8.10 (default, Nov 22 2023, 10:22:35) &#10;[GCC 9.4.0]" /><property name="fspath" value="tests/api/test_api_models.py" /></properties><environment framework-version="3.6.2" clr-version="3.8.10 (default, Nov 22 2023, 10:22:35) &#10;[GCC 9.4.0]" os-version="5.15.0-105-generic" platform="Linux" cwd="/home/brunolnetto/github/API" machine-name="x86_64" user="" user-domain="" culture="pt_BR" uiculture="pt_BR" os-architecture="64bit" /><failure><message><![CDATA[]]></message><stack-trace><![CDATA[None]]></stack-trace></failure><reason><message><![CDATA[]]></message></reason><output><![CDATA[]]></output></test-case><test-case id="149" name="tests/api/test_api_models.py::test_weak_password_short" fullname="tests/api/test_api_models.py::test_weak_password_short" methodname="test_weak_password_short" classname="tests/api/test_api_models.py" runstate="Runnable" seed="1" result="Passed" label="" start-time="2024-05-02 23:07:36.122433" end-time="2024-05-02 23:07:36.122806" duration="0.000373" asserts="0"><properties><property name="python-version" value="3.8.10 (default, Nov 22 2023, 10:22:35) &#10;[GCC 9.4.0]" /><property name="fspath" value="tests/api/test_api_models.py" /></properties><environment framework-version="3.6.2" clr-version="3.8.10 (default, Nov 22 2023, 10:22:35) &#10;[GCC 9.4.0]" os-version="5.15.0-105-generic" platform="Linux" cwd="/home/brunolnetto/github/API" machine-name="x86_64" user="" user-domain="" culture="pt_BR" uiculture="pt_BR" os-architecture="64bit" /><failure><message><![CDATA[]]></message><stack-trace><![CDATA[None]]></stack-trace></failure><reason><message><![CDATA[]]></message></reason><output><![CDATA[]]></output></test-case><test-case id="150" name="tests/api/test_api_models.py::test_weak_password_no_lowercase" fullname="tests/api/test_api_models.py::test_weak_password_no_lowercase" methodname="test_weak_password_no_lowercase" classname="tests/api/test_api_models.py" runstate="Runnable" seed="1" result="Passed" label="" start-time="2024-05-02 23:07:36.123110" end-time="2024-05-02 23:07:36.123520" duration="0.00041" asserts="0"><properties><property name="python-version" value="3.8.10 (default, Nov 22 2023, 10:22:35) &#10;[GCC 9.4.0]" /><property name="fspath" value="tests/api/test_api_models.py" /></properties><environment framework-version="3.6.2" clr-version="3.8.10 (default, Nov 22 2023, 10:22:35) &#10;[GCC 9.4.0]" os-version="5.15.0-105-generic" platform="Linux" cwd="/home/brunolnetto/github/API" machine-name="x86_64" user="" user-domain="" culture="pt_BR" uiculture="pt_BR" os-architecture="64bit" /><failure><message><![CDATA[]]></message><stack-trace><![CDATA[None]]></stack-trace></failure><reason><message><![CDATA[]]></message></reason><output><![CDATA[]]></output></test-case><test-case id="151" name="tests/api/test_api_models.py::test_weak_password_no_uppercase" fullname="tests/api/test_api_models.py::test_weak_password_no_uppercase" methodname="test_weak_password_no_uppercase" classname="tests/api/test_api_models.py" runstate="Runnable" seed="1" result="Passed" label="" start-time="2024-05-02 23:07:36.123823" end-time="2024-05-02 23:07:36.124178" duration="0.000355" asserts="0"><properties><property name="python-version" value="3.8.10 (default, Nov 22 2023, 10:22:35) &#10;[GCC 9.4.0]" /><property name="fspath" value="tests/api/test_api_models.py" /></properties><environment framework-version="3.6.2" clr-version="3.8.10 (default, Nov 22 2023, 10:22:35) &#10;[GCC 9.4.0]" os-version="5.15.0-105-generic" platform="Linux" cwd="/home/brunolnetto/github/API" machine-name="x86_64" user="" user-domain="" culture="pt_BR" uiculture="pt_BR" os-architecture="64bit" /><failure><message><![CDATA[]]></message><stack-trace><![CDATA[None]]></stack-trace></failure><reason><message><![CDATA[]]></message></reason><output><![CDATA[]]></output></test-case><test-case id="152" name="tests/api/test_api_models.py::test_weak_password_no_number" fullname="tests/api/test_api_models.py::test_weak_password_no_number" methodname="test_weak_password_no_number" classname="tests/api/test_api_models.py" runstate="Runnable" seed="1" result="Passed" label="" start-time="2024-05-02 23:07:36.124470" end-time="2024-05-02 23:07:36.124805" duration="0.000335" asserts="0"><properties><property name="python-version" value="3.8.10 (default, Nov 22 2023, 10:22:35) &#10;[GCC 9.4.0]" /><property name="fspath" value="tests/api/test_api_models.py" /></properties><environment framework-version="3.6.2" clr-version="3.8.10 (default, Nov 22 2023, 10:22:35) &#10;[GCC 9.4.0]" os-version="5.15.0-105-generic" platform="Linux" cwd="/home/brunolnetto/github/API" machine-name="x86_64" user="" user-domain="" culture="pt_BR" uiculture="pt_BR" os-architecture="64bit" /><failure><message><![CDATA[]]></message><stack-trace><![CDATA[None]]></stack-trace></failure><reason><message><![CDATA[]]></message></reason><output><![CDATA[]]></output></test-case><test-case id="153" name="tests/api/test_api_models.py::test_weak_password_no_special_char" fullname="tests/api/test_api_models.py::test_weak_password_no_special_char" methodname="test_weak_password_no_special_char" classname="tests/api/test_api_models.py" runstate="Runnable" seed="1" result="Passed" label="" start-time="2024-05-02 23:07:36.125101" end-time="2024-05-02 23:07:36.125563" duration="0.000462" asserts="0"><properties><property name="python-version" value="3.8.10 (default, Nov 22 2023, 10:22:35) &#10;[GCC 9.4.0]" /><property name="fspath" value="tests/api/test_api_models.py" /></properties><environment framework-version="3.6.2" clr-version="3.8.10 (default, Nov 22 2023, 10:22:35) &#10;[GCC 9.4.0]" os-version="5.15.0-105-generic" platform="Linux" cwd="/home/brunolnetto/github/API" machine-name="x86_64" user="" user-domain="" culture="pt_BR" uiculture="pt_BR" os-architecture="64bit" /><failure><message><![CDATA[]]></message><stack-trace><![CDATA[None]]></stack-trace></failure><reason><message><![CDATA[]]></message></reason><output><![CDATA[]]></output></test-case><test-case id="154" name="tests/api/test_api_models.py::test_strong_password" fullname="tests/api/test_api_models.py::test_strong_password" methodname="test_strong_password" classname="tests/api/test_api_models.py" runstate="Runnable" seed="1" result="Passed" label="" start-time="2024-05-02 23:07:36.125887" end-time="2024-05-02 23:07:36.126375" duration="0.000488" asserts="0"><properties><property name="python-version" value="3.8.10 (default, Nov 22 2023, 10:22:35) &#10;[GCC 9.4.0]" /><property name="fspath" value="tests/api/test_api_models.py" /></properties><environment framework-version="3.6.2" clr-version="3.8.10 (default, Nov 22 2023, 10:22:35) &#10;[GCC 9.4.0]" os-version="5.15.0-105-generic" platform="Linux" cwd="/home/brunolnetto/github/API" machine-name="x86_64" user="" user-domain="" culture="pt_BR" uiculture="pt_BR" os-architecture="64bit" /><failure><message><![CDATA[]]></message><stack-trace><![CDATA[None]]></stack-trace></failure><reason><message><![CDATA[]]></message></reason><output><![CDATA[]]></output></test-case><environment framework-version="3.6.2" clr-version="3.8.10 (default, Nov 22 2023, 10:22:35) &#10;[GCC 9.4.0]" os-version="5.15.0-105-generic" platform="Linux" cwd="/home/brunolnetto/github/API" machine-name="x86_64" user="" user-domain="" culture="pt_BR" uiculture="pt_BR" os-architecture="64bit" /></test-suite><test-suite id="tests/api/services/test_services_providers.py" name="tests/api/services/test_services_providers.py" fullname="tests/api/services/test_services_providers.py" methodname="" classname="" runstate="Runnable" type="Assembly" testcasecount="4" result="Passed" label="" start-time="2024-05-02 23:07:36.017473" end-time="2024-05-02 23:07:36.121144" duration="0.103671" asserts="0" total="4" passed="2" failed="2" warnings="0" inconclusive="0" skipped="0"><properties><property name="python_version" value="3.8.10 (default, Nov 22 2023, 10:22:35) &#10;[GCC 9.4.0]" /></properties><test-case id="144" name="tests/api/services/test_services_providers.py::test_register_provider_with_strong_password" fullname="tests/api/services/test_services_providers.py::test_register_provider_with_strong_password" methodname="test_register_provider_with_strong_password" classname="tests/api/services/test_services_providers.py" runstate="Runnable" seed="1" result="Failed" label="Tests successful registration with a strong password." start-time="2024-05-02 23:07:36.017473" end-time="2024-05-02 23:07:36.109169" duration="0.091696" asserts="0"><properties><property name="python-version" value="3.8.10 (default, Nov 22 2023, 10:22:35) &#10;[GCC 9.4.0]" /><property name="fspath" value="tests/api/services/test_services_providers.py" /></properties><environment framework-version="3.6.2" clr-version="3.8.10 (default, Nov 22 2023, 10:22:35) &#10;[GCC 9.4.0]" os-version="5.15.0-105-generic" platform="Linux" cwd="/home/brunolnetto/github/API" machine-name="x86_64" user="" user-domain="" culture="pt_BR" uiculture="pt_BR" os-architecture="64bit" /><failure><message><![CDATA[mocker = &lt;pytest_mock.plugin.MockerFixture object at 0x7ffbce3c9e50&gt;

    async def test_register_provider_with_strong_password(mocker):
        """Tests successful registration with a strong password."""
        strong_password = "StrongPassword1!"
        provider_data = {"username": "test_user", "password": strong_password}
    
        # Mock is_password_strong to return True
        mocker.patch("src.api.utils.security.is_password_strong", return_value=True)
    
        # Mock the AsyncSession
        mock_session = mocker.AsyncMock(spec=AsyncSession)
&gt;       provider = await ProviderService().register(provider_data, session=mock_session)

tests/api/services/test_services_providers.py:21: 
_ _ _ _ _ _ _ _ _ _ _ _ _ _ _ _ _ _ _ _ _ _ _ _ _ _ _ _ _ _ _ _ _ _ _ _ _ _ _ _ _ _ _ _ _ _ _ _ _ _ _ _ _ _ _ _ _ _ _ _ _ _ _ _ _ _ _ _ _ _ _ _ _ _ _ _ _ _ _ _ _ _ _ _ _ _ _ _ _ _ _ _ _ _ _ _ _ _ _ _ _ _ _ _ _ _
src/api/services/providers.py:35: in register
    provider_exists = await providers_repository.find_by_filters(filters, session)
_ _ _ _ _ _ _ _ _ _ _ _ _ _ _ _ _ _ _ _ _ _ _ _ _ _ _ _ _ _ _ _ _ _ _ _ _ _ _ _ _ _ _ _ _ _ _ _ _ _ _ _ _ _ _ _ _ _ _ _ _ _ _ _ _ _ _ _ _ _ _ _ _ _ _ _ _ _ _ _ _ _ _ _ _ _ _ _ _ _ _ _ _ _ _ _ _ _ _ _ _ _ _ _ _ _

self = &lt;src.db.base.repository.DatabaseRepository object at 0x7ffbb3503fa0&gt;, filters = {'prov_username': 'test_user'}, session = &lt;AsyncMock spec='AsyncSession' id='140718989691056'&gt;

    async def find_by_filters(
        self,
        filters: dict,
        session: AsyncSession
    ) -&gt; List[Model]:
        try:
            query = select(self.model)
            for key, value in filters.items():
                # Assuming key is the column name and value is the filter value
                query = query.filter(getattr(self.model, key) == value)
    
            # Use fetch_all if available
&gt;           data = await query.fetch_all()
E           AttributeError: 'Select' object has no attribute 'fetch_all'

src/db/base/repository.py:133: AttributeError]]></message><stack-trace><![CDATA[/home/brunolnetto/github/API/src/db/base/repository.py:133: AttributeError: 'Select' object has no attribute 'fetch_all']]></stack-trace></failure><reason><message><![CDATA[]]></message></reason><output><![CDATA[]]></output></test-case><test-case id="145" name="tests/api/services/test_services_providers.py::test_register_provider_with_weak_password" fullname="tests/api/services/test_services_providers.py::test_register_provider_with_weak_password" methodname="test_register_provider_with_weak_password" classname="tests/api/services/test_services_providers.py" runstate="Runnable" seed="1" result="Failed" label="Tests raising WeakPasswordException for a weak password." start-time="2024-05-02 23:07:36.110316" end-time="2024-05-02 23:07:36.116883" duration="0.006567" asserts="0"><properties><property name="python-version" value="3.8.10 (default, Nov 22 2023, 10:22:35) &#10;[GCC 9.4.0]" /><property name="fspath" value="tests/api/services/test_services_providers.py" /></properties><environment framework-version="3.6.2" clr-version="3.8.10 (default, Nov 22 2023, 10:22:35) &#10;[GCC 9.4.0]" os-version="5.15.0-105-generic" platform="Linux" cwd="/home/brunolnetto/github/API" machine-name="x86_64" user="" user-domain="" culture="pt_BR" uiculture="pt_BR" os-architecture="64bit" /><failure><message><![CDATA[mocker = &lt;pytest_mock.plugin.MockerFixture object at 0x7ffbb0b439a0&gt;

    async def test_register_provider_with_weak_password(mocker):
        """Tests raising WeakPasswordException for a weak password."""
        weak_password = "weakpass"
        provider_data = {"username": "test_user", "password": weak_password}
    
        mock_session = mocker.AsyncMock(spec=AsyncSession)
    
        with pytest.raises(HTTPException) as excinfo:
&gt;           await ProviderService().register(provider_data, mock_session)

tests/api/services/test_services_providers.py:37: 
_ _ _ _ _ _ _ _ _ _ _ _ _ _ _ _ _ _ _ _ _ _ _ _ _ _ _ _ _ _ _ _ _ _ _ _ _ _ _ _ _ _ _ _ _ _ _ _ _ _ _ _ _ _ _ _ _ _ _ _ _ _ _ _ _ _ _ _ _ _ _ _ _ _ _ _ _ _ _ _ _ _ _ _ _ _ _ _ _ _ _ _ _ _ _ _ _ _ _ _ _ _ _ _ _ _
src/api/services/providers.py:35: in register
    provider_exists = await providers_repository.find_by_filters(filters, session)
_ _ _ _ _ _ _ _ _ _ _ _ _ _ _ _ _ _ _ _ _ _ _ _ _ _ _ _ _ _ _ _ _ _ _ _ _ _ _ _ _ _ _ _ _ _ _ _ _ _ _ _ _ _ _ _ _ _ _ _ _ _ _ _ _ _ _ _ _ _ _ _ _ _ _ _ _ _ _ _ _ _ _ _ _ _ _ _ _ _ _ _ _ _ _ _ _ _ _ _ _ _ _ _ _ _

self = &lt;src.db.base.repository.DatabaseRepository object at 0x7ffbb3503fa0&gt;, filters = {'prov_username': 'test_user'}, session = &lt;AsyncMock spec='AsyncSession' id='140718989746240'&gt;

    async def find_by_filters(
        self,
        filters: dict,
        session: AsyncSession
    ) -&gt; List[Model]:
        try:
            query = select(self.model)
            for key, value in filters.items():
                # Assuming key is the column name and value is the filter value
                query = query.filter(getattr(self.model, key) == value)
    
            # Use fetch_all if available
&gt;           data = await query.fetch_all()
E           AttributeError: 'Select' object has no attribute 'fetch_all'

src/db/base/repository.py:133: AttributeError]]></message><stack-trace><![CDATA[/home/brunolnetto/github/API/src/db/base/repository.py:133: AttributeError: 'Select' object has no attribute 'fetch_all']]></stack-trace></failure><reason><message><![CDATA[]]></message></reason><output><![CDATA[]]></output></test-case><test-case id="146" name="tests/api/services/test_services_providers.py::test_register_provider_with_missing_username" fullname="tests/api/services/test_services_providers.py::test_register_provider_with_missing_username" methodname="test_register_provider_with_missing_username" classname="tests/api/services/test_services_providers.py" runstate="Runnable" seed="1" result="Passed" label="Tests raising error for missing username." start-time="2024-05-02 23:07:36.117571" end-time="2024-05-02 23:07:36.119065" duration="0.001494" asserts="0"><properties><property name="python-version" value="3.8.10 (default, Nov 22 2023, 10:22:35) &#10;[GCC 9.4.0]" /><property name="fspath" value="tests/api/services/test_services_providers.py" /></properties><environment framework-version="3.6.2" clr-version="3.8.10 (default, Nov 22 2023, 10:22:35) &#10;[GCC 9.4.0]" os-version="5.15.0-105-generic" platform="Linux" cwd="/home/brunolnetto/github/API" machine-name="x86_64" user="" user-domain="" culture="pt_BR" uiculture="pt_BR" os-architecture="64bit" /><failure><message><![CDATA[]]></message><stack-trace><![CDATA[None]]></stack-trace></failure><reason><message><![CDATA[]]></message></reason><output><![CDATA[]]></output></test-case><test-case id="147" name="tests/api/services/test_services_providers.py::test_register_provider_with_missing_password" fullname="tests/api/services/test_services_providers.py::test_register_provider_with_missing_password" methodname="test_register_provider_with_missing_password" classname="tests/api/services/test_services_providers.py" runstate="Runnable" seed="1" result="Passed" label="Tests raising error for missing password." start-time="2024-05-02 23:07:36.119659" end-time="2024-05-02 23:07:36.121144" duration="0.001485" asserts="0"><properties><property name="python-version" value="3.8.10 (default, Nov 22 2023, 10:22:35) &#10;[GCC 9.4.0]" /><property name="fspath" value="tests/api/services/test_services_providers.py" /></properties><environment framework-version="3.6.2" clr-version="3.8.10 (default, Nov 22 2023, 10:22:35) &#10;[GCC 9.4.0]" os-version="5.15.0-105-generic" platform="Linux" cwd="/home/brunolnetto/github/API" machine-name="x86_64" user="" user-domain="" culture="pt_BR" uiculture="pt_BR" os-architecture="64bit" /><failure><message><![CDATA[]]></message><stack-trace><![CDATA[None]]></stack-trace></failure><reason><message><![CDATA[]]></message></reason><output><![CDATA[]]></output></test-case><environment framework-version="3.6.2" clr-version="3.8.10 (default, Nov 22 2023, 10:22:35) &#10;[GCC 9.4.0]" os-version="5.15.0-105-generic" platform="Linux" cwd="/home/brunolnetto/github/API" machine-name="x86_64" user="" user-domain="" culture="pt_BR" uiculture="pt_BR" os-architecture="64bit" /></test-suite><test-suite id="tests/api/utils/test_dataframe.py" name="tests/api/utils/test_dataframe.py" fullname="tests/api/utils/test_dataframe.py" methodname="" classname="" runstate="Runnable" type="Assembly" testcasecount="8" result="Passed" label="" start-time="2024-05-02 23:07:36.127594" end-time="2024-05-02 23:07:36.165646" duration="0.038052" asserts="0" total="8" passed="8" failed="0" warnings="0" inconclusive="0" skipped="0"><properties><property name="python_version" value="3.8.10 (default, Nov 22 2023, 10:22:35) &#10;[GCC 9.4.0]" /></properties><test-case id="155" name="tests/api/utils/test_dataframe.py::test_read_data_to_dataframe_gen" fullname="tests/api/utils/test_dataframe.py::test_read_data_to_dataframe_gen" methodname="test_read_data_to_dataframe_gen" classname="tests/api/utils/test_dataframe.py" runstate="Runnable" seed="1" result="Passed" label="" start-time="2024-05-02 23:07:36.127594" end-time="2024-05-02 23:07:36.152778" duration="0.025184" asserts="0"><properties><property name="python-version" value="3.8.10 (default, Nov 22 2023, 10:22:35) &#10;[GCC 9.4.0]" /><property name="fspath" value="tests/api/utils/test_dataframe.py" /></properties><environment framework-version="3.6.2" clr-version="3.8.10 (default, Nov 22 2023, 10:22:35) &#10;[GCC 9.4.0]" os-version="5.15.0-105-generic" platform="Linux" cwd="/home/brunolnetto/github/API" machine-name="x86_64" user="" user-domain="" culture="pt_BR" uiculture="pt_BR" os-architecture="64bit" /><failure><message><![CDATA[]]></message><stack-trace><![CDATA[None]]></stack-trace></failure><reason><message><![CDATA[]]></message></reason><output><![CDATA[]]></output></test-case><test-case id="156" name="tests/api/utils/test_dataframe.py::test_listify_items" fullname="tests/api/utils/test_dataframe.py::test_listify_items" methodname="test_listify_items" classname="tests/api/utils/test_dataframe.py" runstate="Runnable" seed="1" result="Passed" label="" start-time="2024-05-02 23:07:36.153446" end-time="2024-05-02 23:07:36.154773" duration="0.001327" asserts="0"><properties><property name="python-version" value="3.8.10 (default, Nov 22 2023, 10:22:35) &#10;[GCC 9.4.0]" /><property name="fspath" value="tests/api/utils/test_dataframe.py" /></properties><environment framework-version="3.6.2" clr-version="3.8.10 (default, Nov 22 2023, 10:22:35) &#10;[GCC 9.4.0]" os-version="5.15.0-105-generic" platform="Linux" cwd="/home/brunolnetto/github/API" machine-name="x86_64" user="" user-domain="" culture="pt_BR" uiculture="pt_BR" os-architecture="64bit" /><failure><message><![CDATA[]]></message><stack-trace><![CDATA[None]]></stack-trace></failure><reason><message><![CDATA[]]></message></reason><output><![CDATA[]]></output></test-case><test-case id="157" name="tests/api/utils/test_dataframe.py::test_get_descriptions" fullname="tests/api/utils/test_dataframe.py::test_get_descriptions" methodname="test_get_descriptions" classname="tests/api/utils/test_dataframe.py" runstate="Runnable" seed="1" result="Passed" label="" start-time="2024-05-02 23:07:36.155434" end-time="2024-05-02 23:07:36.156185" duration="0.000751" asserts="0"><properties><property name="python-version" value="3.8.10 (default, Nov 22 2023, 10:22:35) &#10;[GCC 9.4.0]" /><property name="fspath" value="tests/api/utils/test_dataframe.py" /></properties><environment framework-version="3.6.2" clr-version="3.8.10 (default, Nov 22 2023, 10:22:35) &#10;[GCC 9.4.0]" os-version="5.15.0-105-generic" platform="Linux" cwd="/home/brunolnetto/github/API" machine-name="x86_64" user="" user-domain="" culture="pt_BR" uiculture="pt_BR" os-architecture="64bit" /><failure><message><![CDATA[]]></message><stack-trace><![CDATA[None]]></stack-trace></failure><reason><message><![CDATA[]]></message></reason><output><![CDATA[]]></output></test-case><test-case id="158" name="tests/api/utils/test_dataframe.py::test_get_years" fullname="tests/api/utils/test_dataframe.py::test_get_years" methodname="test_get_years" classname="tests/api/utils/test_dataframe.py" runstate="Runnable" seed="1" result="Passed" label="" start-time="2024-05-02 23:07:36.156775" end-time="2024-05-02 23:07:36.159203" duration="0.002428" asserts="0"><properties><property name="python-version" value="3.8.10 (default, Nov 22 2023, 10:22:35) &#10;[GCC 9.4.0]" /><property name="fspath" value="tests/api/utils/test_dataframe.py" /></properties><environment framework-version="3.6.2" clr-version="3.8.10 (default, Nov 22 2023, 10:22:35) &#10;[GCC 9.4.0]" os-version="5.15.0-105-generic" platform="Linux" cwd="/home/brunolnetto/github/API" machine-name="x86_64" user="" user-domain="" culture="pt_BR" uiculture="pt_BR" os-architecture="64bit" /><failure><message><![CDATA[]]></message><stack-trace><![CDATA[None]]></stack-trace></failure><reason><message><![CDATA[]]></message></reason><output><![CDATA[]]></output></test-case><test-case id="159" name="tests/api/utils/test_dataframe.py::test_get_unique_elements" fullname="tests/api/utils/test_dataframe.py::test_get_unique_elements" methodname="test_get_unique_elements" classname="tests/api/utils/test_dataframe.py" runstate="Runnable" seed="1" result="Passed" label="" start-time="2024-05-02 23:07:36.159979" end-time="2024-05-02 23:07:36.160587" duration="0.000608" asserts="0"><properties><property name="python-version" value="3.8.10 (default, Nov 22 2023, 10:22:35) &#10;[GCC 9.4.0]" /><property name="fspath" value="tests/api/utils/test_dataframe.py" /></properties><environment framework-version="3.6.2" clr-version="3.8.10 (default, Nov 22 2023, 10:22:35) &#10;[GCC 9.4.0]" os-version="5.15.0-105-generic" platform="Linux" cwd="/home/brunolnetto/github/API" machine-name="x86_64" user="" user-domain="" culture="pt_BR" uiculture="pt_BR" os-architecture="64bit" /><failure><message><![CDATA[]]></message><stack-trace><![CDATA[None]]></stack-trace></failure><reason><message><![CDATA[]]></message></reason><output><![CDATA[]]></output></test-case><test-case id="160" name="tests/api/utils/test_dataframe.py::test_read_data_from_file" fullname="tests/api/utils/test_dataframe.py::test_read_data_from_file" methodname="test_read_data_from_file" classname="tests/api/utils/test_dataframe.py" runstate="Runnable" seed="1" result="Passed" label="" start-time="2024-05-02 23:07:36.161195" end-time="2024-05-02 23:07:36.162451" duration="0.001256" asserts="0"><properties><property name="python-version" value="3.8.10 (default, Nov 22 2023, 10:22:35) &#10;[GCC 9.4.0]" /><property name="fspath" value="tests/api/utils/test_dataframe.py" /></properties><environment framework-version="3.6.2" clr-version="3.8.10 (default, Nov 22 2023, 10:22:35) &#10;[GCC 9.4.0]" os-version="5.15.0-105-generic" platform="Linux" cwd="/home/brunolnetto/github/API" machine-name="x86_64" user="" user-domain="" culture="pt_BR" uiculture="pt_BR" os-architecture="64bit" /><failure><message><![CDATA[]]></message><stack-trace><![CDATA[None]]></stack-trace></failure><reason><message><![CDATA[]]></message></reason><output><![CDATA[]]></output></test-case><test-case id="161" name="tests/api/utils/test_dataframe.py::test_read_data_to_dataframe_gen_folder_not_found" fullname="tests/api/utils/test_dataframe.py::test_read_data_to_dataframe_gen_folder_not_found" methodname="test_read_data_to_dataframe_gen_folder_not_found" classname="tests/api/utils/test_dataframe.py" runstate="Runnable" seed="1" result="Passed" label="" start-time="2024-05-02 23:07:36.162760" end-time="2024-05-02 23:07:36.163389" duration="0.000629" asserts="0"><properties><property name="python-version" value="3.8.10 (default, Nov 22 2023, 10:22:35) &#10;[GCC 9.4.0]" /><property name="fspath" value="tests/api/utils/test_dataframe.py" /></properties><environment framework-version="3.6.2" clr-version="3.8.10 (default, Nov 22 2023, 10:22:35) &#10;[GCC 9.4.0]" os-version="5.15.0-105-generic" platform="Linux" cwd="/home/brunolnetto/github/API" machine-name="x86_64" user="" user-domain="" culture="pt_BR" uiculture="pt_BR" os-architecture="64bit" /><failure><message><![CDATA[]]></message><stack-trace><![CDATA[None]]></stack-trace></failure><reason><message><![CDATA[]]></message></reason><output><![CDATA[]]></output></test-case><test-case id="162" name="tests/api/utils/test_dataframe.py::test_read_data_to_dataframe" fullname="tests/api/utils/test_dataframe.py::test_read_data_to_dataframe" methodname="test_read_data_to_dataframe" classname="tests/api/utils/test_dataframe.py" runstate="Runnable" seed="1" result="Passed" label="" start-time="2024-05-02 23:07:36.163956" end-time="2024-05-02 23:07:36.165646" duration="0.00169" asserts="0"><properties><property name="python-version" value="3.8.10 (default, Nov 22 2023, 10:22:35) &#10;[GCC 9.4.0]" /><property name="fspath" value="tests/api/utils/test_dataframe.py" /></properties><environment framework-version="3.6.2" clr-version="3.8.10 (default, Nov 22 2023, 10:22:35) &#10;[GCC 9.4.0]" os-version="5.15.0-105-generic" platform="Linux" cwd="/home/brunolnetto/github/API" machine-name="x86_64" user="" user-domain="" culture="pt_BR" uiculture="pt_BR" os-architecture="64bit" /><failure><message><![CDATA[]]></message><stack-trace><![CDATA[None]]></stack-trace></failure><reason><message><![CDATA[]]></message></reason><output><![CDATA[]]></output></test-case><environment framework-version="3.6.2" clr-version="3.8.10 (default, Nov 22 2023, 10:22:35) &#10;[GCC 9.4.0]" os-version="5.15.0-105-generic" platform="Linux" cwd="/home/brunolnetto/github/API" machine-name="x86_64" user="" user-domain="" culture="pt_BR" uiculture="pt_BR" os-architecture="64bit" /></test-suite><test-suite id="tests/api/core/test_models.py" name="tests/api/core/test_models.py" fullname="tests/api/core/test_models.py" methodname="" classname="" runstate="Runnable" type="Assembly" testcasecount="20" result="Passed" label="" start-time="2024-05-02 23:07:35.548466" end-time="2024-05-02 23:07:35.619229" duration="0.070763" asserts="0" total="20" passed="20" failed="0" warnings="0" inconclusive="0" skipped="0"><properties><property name="python_version" value="3.8.10 (default, Nov 22 2023, 10:22:35) &#10;[GCC 9.4.0]" /></properties><test-case id="110" name="tests/api/core/test_models.py::test_basket_validity" fullname="tests/api/core/test_models.py::test_basket_validity" methodname="test_basket_validity" classname="tests/api/core/test_models.py" runstate="Runnable" seed="1" result="Passed" label="" start-time="2024-05-02 23:07:35.548466" end-time="2024-05-02 23:07:35.548902" duration="0.000436" asserts="0"><properties><property name="python-version" value="3.8.10 (default, Nov 22 2023, 10:22:35) &#10;[GCC 9.4.0]" /><property name="fspath" value="tests/api/core/test_models.py" /></properties><environment framework-version="3.6.2" clr-version="3.8.10 (default, Nov 22 2023, 10:22:35) &#10;[GCC 9.4.0]" os-version="5.15.0-105-generic" platform="Linux" cwd="/home/brunolnetto/github/API" machine-name="x86_64" user="" user-domain="" culture="pt_BR" uiculture="pt_BR" os-architecture="64bit" /><failure><message><![CDATA[]]></message><stack-trace><![CDATA[None]]></stack-trace></failure><reason><message><![CDATA[]]></message></reason><output><![CDATA[]]></output></test-case><test-case id="111" name="tests/api/core/test_models.py::test_basket_eq" fullname="tests/api/core/test_models.py::test_basket_eq" methodname="test_basket_eq" classname="tests/api/core/test_models.py" runstate="Runnable" seed="1" result="Passed" label="" start-time="2024-05-02 23:07:35.549472" end-time="2024-05-02 23:07:35.549966" duration="0.000494" asserts="0"><properties><property name="python-version" value="3.8.10 (default, Nov 22 2023, 10:22:35) &#10;[GCC 9.4.0]" /><property name="fspath" value="tests/api/core/test_models.py" /></properties><environment framework-version="3.6.2" clr-version="3.8.10 (default, Nov 22 2023, 10:22:35) &#10;[GCC 9.4.0]" os-version="5.15.0-105-generic" platform="Linux" cwd="/home/brunolnetto/github/API" machine-name="x86_64" user="" user-domain="" culture="pt_BR" uiculture="pt_BR" os-architecture="64bit" /><failure><message><![CDATA[]]></message><stack-trace><![CDATA[None]]></stack-trace></failure><reason><message><![CDATA[]]></message></reason><output><![CDATA[]]></output></test-case><test-case id="112" name="tests/api/core/test_models.py::test_basket_ne" fullname="tests/api/core/test_models.py::test_basket_ne" methodname="test_basket_ne" classname="tests/api/core/test_models.py" runstate="Runnable" seed="1" result="Passed" label="" start-time="2024-05-02 23:07:35.550355" end-time="2024-05-02 23:07:35.550748" duration="0.000393" asserts="0"><properties><property name="python-version" value="3.8.10 (default, Nov 22 2023, 10:22:35) &#10;[GCC 9.4.0]" /><property name="fspath" value="tests/api/core/test_models.py" /></properties><environment framework-version="3.6.2" clr-version="3.8.10 (default, Nov 22 2023, 10:22:35) &#10;[GCC 9.4.0]" os-version="5.15.0-105-generic" platform="Linux" cwd="/home/brunolnetto/github/API" machine-name="x86_64" user="" user-domain="" culture="pt_BR" uiculture="pt_BR" os-architecture="64bit" /><failure><message><![CDATA[]]></message><stack-trace><![CDATA[None]]></stack-trace></failure><reason><message><![CDATA[]]></message></reason><output><![CDATA[]]></output></test-case><test-case id="113" name="tests/api/core/test_models.py::test_basket_repr" fullname="tests/api/core/test_models.py::test_basket_repr" methodname="test_basket_repr" classname="tests/api/core/test_models.py" runstate="Runnable" seed="1" result="Passed" label="" start-time="2024-05-02 23:07:35.551136" end-time="2024-05-02 23:07:35.551562" duration="0.000426" asserts="0"><properties><property name="python-version" value="3.8.10 (default, Nov 22 2023, 10:22:35) &#10;[GCC 9.4.0]" /><property name="fspath" value="tests/api/core/test_models.py" /></properties><environment framework-version="3.6.2" clr-version="3.8.10 (default, Nov 22 2023, 10:22:35) &#10;[GCC 9.4.0]" os-version="5.15.0-105-generic" platform="Linux" cwd="/home/brunolnetto/github/API" machine-name="x86_64" user="" user-domain="" culture="pt_BR" uiculture="pt_BR" os-architecture="64bit" /><failure><message><![CDATA[]]></message><stack-trace><![CDATA[None]]></stack-trace></failure><reason><message><![CDATA[]]></message></reason><output><![CDATA[]]></output></test-case><test-case id="114" name="tests/api/core/test_models.py::test_basket_eq_different_type" fullname="tests/api/core/test_models.py::test_basket_eq_different_type" methodname="test_basket_eq_different_type" classname="tests/api/core/test_models.py" runstate="Runnable" seed="1" result="Passed" label="" start-time="2024-05-02 23:07:35.551966" end-time="2024-05-02 23:07:35.552350" duration="0.000384" asserts="0"><properties><property name="python-version" value="3.8.10 (default, Nov 22 2023, 10:22:35) &#10;[GCC 9.4.0]" /><property name="fspath" value="tests/api/core/test_models.py" /></properties><environment framework-version="3.6.2" clr-version="3.8.10 (default, Nov 22 2023, 10:22:35) &#10;[GCC 9.4.0]" os-version="5.15.0-105-generic" platform="Linux" cwd="/home/brunolnetto/github/API" machine-name="x86_64" user="" user-domain="" culture="pt_BR" uiculture="pt_BR" os-architecture="64bit" /><failure><message><![CDATA[]]></message><stack-trace><![CDATA[None]]></stack-trace></failure><reason><message><![CDATA[]]></message></reason><output><![CDATA[]]></output></test-case><test-case id="115" name="tests/api/core/test_models.py::test_item_description" fullname="tests/api/core/test_models.py::test_item_description" methodname="test_item_description" classname="tests/api/core/test_models.py" runstate="Runnable" seed="1" result="Passed" label="" start-time="2024-05-02 23:07:35.552689" end-time="2024-05-02 23:07:35.553047" duration="0.000358" asserts="0"><properties><property name="python-version" value="3.8.10 (default, Nov 22 2023, 10:22:35) &#10;[GCC 9.4.0]" /><property name="fspath" value="tests/api/core/test_models.py" /></properties><environment framework-version="3.6.2" clr-version="3.8.10 (default, Nov 22 2023, 10:22:35) &#10;[GCC 9.4.0]" os-version="5.15.0-105-generic" platform="Linux" cwd="/home/brunolnetto/github/API" machine-name="x86_64" user="" user-domain="" culture="pt_BR" uiculture="pt_BR" os-architecture="64bit" /><failure><message><![CDATA[]]></message><stack-trace><![CDATA[None]]></stack-trace></failure><reason><message><![CDATA[]]></message></reason><output><![CDATA[]]></output></test-case><test-case id="116" name="tests/api/core/test_models.py::test_item_repr" fullname="tests/api/core/test_models.py::test_item_repr" methodname="test_item_repr" classname="tests/api/core/test_models.py" runstate="Runnable" seed="1" result="Passed" label="" start-time="2024-05-02 23:07:35.553392" end-time="2024-05-02 23:07:35.553907" duration="0.000515" asserts="0"><properties><property name="python-version" value="3.8.10 (default, Nov 22 2023, 10:22:35) &#10;[GCC 9.4.0]" /><property name="fspath" value="tests/api/core/test_models.py" /></properties><environment framework-version="3.6.2" clr-version="3.8.10 (default, Nov 22 2023, 10:22:35) &#10;[GCC 9.4.0]" os-version="5.15.0-105-generic" platform="Linux" cwd="/home/brunolnetto/github/API" machine-name="x86_64" user="" user-domain="" culture="pt_BR" uiculture="pt_BR" os-architecture="64bit" /><failure><message><![CDATA[]]></message><stack-trace><![CDATA[None]]></stack-trace></failure><reason><message><![CDATA[]]></message></reason><output><![CDATA[]]></output></test-case><test-case id="117" name="tests/api/core/test_models.py::test_product_to_basket" fullname="tests/api/core/test_models.py::test_product_to_basket" methodname="test_product_to_basket" classname="tests/api/core/test_models.py" runstate="Runnable" seed="1" result="Passed" label="" start-time="2024-05-02 23:07:35.554306" end-time="2024-05-02 23:07:35.554800" duration="0.000494" asserts="0"><properties><property name="python-version" value="3.8.10 (default, Nov 22 2023, 10:22:35) &#10;[GCC 9.4.0]" /><property name="fspath" value="tests/api/core/test_models.py" /></properties><environment framework-version="3.6.2" clr-version="3.8.10 (default, Nov 22 2023, 10:22:35) &#10;[GCC 9.4.0]" os-version="5.15.0-105-generic" platform="Linux" cwd="/home/brunolnetto/github/API" machine-name="x86_64" user="" user-domain="" culture="pt_BR" uiculture="pt_BR" os-architecture="64bit" /><failure><message><![CDATA[]]></message><stack-trace><![CDATA[None]]></stack-trace></failure><reason><message><![CDATA[]]></message></reason><output><![CDATA[]]></output></test-case><test-case id="118" name="tests/api/core/test_models.py::test_recommendation_k_best_arbitrary[arbitrary]" fullname="tests/api/core/test_models.py::test_recommendation_k_best_arbitrary[arbitrary]" methodname="test_recommendation_k_best_arbitrary[arbitrary]" classname="tests/api/core/test_models.py" runstate="Runnable" seed="1" result="Passed" label="" start-time="2024-05-02 23:07:35.559404" end-time="2024-05-02 23:07:35.562740" duration="0.003336" asserts="0"><properties><property name="python-version" value="3.8.10 (default, Nov 22 2023, 10:22:35) &#10;[GCC 9.4.0]" /><property name="fspath" value="tests/api/core/test_models.py" /></properties><environment framework-version="3.6.2" clr-version="3.8.10 (default, Nov 22 2023, 10:22:35) &#10;[GCC 9.4.0]" os-version="5.15.0-105-generic" platform="Linux" cwd="/home/brunolnetto/github/API" machine-name="x86_64" user="" user-domain="" culture="pt_BR" uiculture="pt_BR" os-architecture="64bit" /><failure><message><![CDATA[]]></message><stack-trace><![CDATA[None]]></stack-trace></failure><reason><message><![CDATA[]]></message></reason><output><![CDATA[]]></output></test-case><test-case id="119" name="tests/api/core/test_models.py::test_recommendation_k_best_arbitrary[random]" fullname="tests/api/core/test_models.py::test_recommendation_k_best_arbitrary[random]" methodname="test_recommendation_k_best_arbitrary[random]" classname="tests/api/core/test_models.py" runstate="Runnable" seed="1" result="Passed" label="" start-time="2024-05-02 23:07:35.566047" end-time="2024-05-02 23:07:35.568865" duration="0.002818" asserts="0"><properties><property name="python-version" value="3.8.10 (default, Nov 22 2023, 10:22:35) &#10;[GCC 9.4.0]" /><property name="fspath" value="tests/api/core/test_models.py" /></properties><environment framework-version="3.6.2" clr-version="3.8.10 (default, Nov 22 2023, 10:22:35) &#10;[GCC 9.4.0]" os-version="5.15.0-105-generic" platform="Linux" cwd="/home/brunolnetto/github/API" machine-name="x86_64" user="" user-domain="" culture="pt_BR" uiculture="pt_BR" os-architecture="64bit" /><failure><message><![CDATA[]]></message><stack-trace><![CDATA[None]]></stack-trace></failure><reason><message><![CDATA[]]></message></reason><output><![CDATA[]]></output></test-case><test-case id="120" name="tests/api/core/test_models.py::test_recommendation_k_best_arbitrary[support]" fullname="tests/api/core/test_models.py::test_recommendation_k_best_arbitrary[support]" methodname="test_recommendation_k_best_arbitrary[support]" classname="tests/api/core/test_models.py" runstate="Runnable" seed="1" result="Passed" label="" start-time="2024-05-02 23:07:35.572139" end-time="2024-05-02 23:07:35.575658" duration="0.003519" asserts="0"><properties><property name="python-version" value="3.8.10 (default, Nov 22 2023, 10:22:35) &#10;[GCC 9.4.0]" /><property name="fspath" value="tests/api/core/test_models.py" /></properties><environment framework-version="3.6.2" clr-version="3.8.10 (default, Nov 22 2023, 10:22:35) &#10;[GCC 9.4.0]" os-version="5.15.0-105-generic" platform="Linux" cwd="/home/brunolnetto/github/API" machine-name="x86_64" user="" user-domain="" culture="pt_BR" uiculture="pt_BR" os-architecture="64bit" /><failure><message><![CDATA[]]></message><stack-trace><![CDATA[None]]></stack-trace></failure><reason><message><![CDATA[]]></message></reason><output><![CDATA[]]></output></test-case><test-case id="121" name="tests/api/core/test_models.py::test_recommendation_k_best_arbitrary[confidence]" fullname="tests/api/core/test_models.py::test_recommendation_k_best_arbitrary[confidence]" methodname="test_recommendation_k_best_arbitrary[confidence]" classname="tests/api/core/test_models.py" runstate="Runnable" seed="1" result="Passed" label="" start-time="2024-05-02 23:07:35.579185" end-time="2024-05-02 23:07:35.582056" duration="0.002871" asserts="0"><properties><property name="python-version" value="3.8.10 (default, Nov 22 2023, 10:22:35) &#10;[GCC 9.4.0]" /><property name="fspath" value="tests/api/core/test_models.py" /></properties><environment framework-version="3.6.2" clr-version="3.8.10 (default, Nov 22 2023, 10:22:35) &#10;[GCC 9.4.0]" os-version="5.15.0-105-generic" platform="Linux" cwd="/home/brunolnetto/github/API" machine-name="x86_64" user="" user-domain="" culture="pt_BR" uiculture="pt_BR" os-architecture="64bit" /><failure><message><![CDATA[]]></message><stack-trace><![CDATA[None]]></stack-trace></failure><reason><message><![CDATA[]]></message></reason><output><![CDATA[]]></output></test-case><test-case id="122" name="tests/api/core/test_models.py::test_recommendation_k_best_arbitrary[lift]" fullname="tests/api/core/test_models.py::test_recommendation_k_best_arbitrary[lift]" methodname="test_recommendation_k_best_arbitrary[lift]" classname="tests/api/core/test_models.py" runstate="Runnable" seed="1" result="Passed" label="" start-time="2024-05-02 23:07:35.585455" end-time="2024-05-02 23:07:35.588311" duration="0.002856" asserts="0"><properties><property name="python-version" value="3.8.10 (default, Nov 22 2023, 10:22:35) &#10;[GCC 9.4.0]" /><property name="fspath" value="tests/api/core/test_models.py" /></properties><environment framework-version="3.6.2" clr-version="3.8.10 (default, Nov 22 2023, 10:22:35) &#10;[GCC 9.4.0]" os-version="5.15.0-105-generic" platform="Linux" cwd="/home/brunolnetto/github/API" machine-name="x86_64" user="" user-domain="" culture="pt_BR" uiculture="pt_BR" os-architecture="64bit" /><failure><message><![CDATA[]]></message><stack-trace><![CDATA[None]]></stack-trace></failure><reason><message><![CDATA[]]></message></reason><output><![CDATA[]]></output></test-case><test-case id="123" name="tests/api/core/test_models.py::test_recommendation_k_best_arbitrary[leverage]" fullname="tests/api/core/test_models.py::test_recommendation_k_best_arbitrary[leverage]" methodname="test_recommendation_k_best_arbitrary[leverage]" classname="tests/api/core/test_models.py" runstate="Runnable" seed="1" result="Passed" label="" start-time="2024-05-02 23:07:35.592218" end-time="2024-05-02 23:07:35.595290" duration="0.003072" asserts="0"><properties><property name="python-version" value="3.8.10 (default, Nov 22 2023, 10:22:35) &#10;[GCC 9.4.0]" /><property name="fspath" value="tests/api/core/test_models.py" /></properties><environment framework-version="3.6.2" clr-version="3.8.10 (default, Nov 22 2023, 10:22:35) &#10;[GCC 9.4.0]" os-version="5.15.0-105-generic" platform="Linux" cwd="/home/brunolnetto/github/API" machine-name="x86_64" user="" user-domain="" culture="pt_BR" uiculture="pt_BR" os-architecture="64bit" /><failure><message><![CDATA[]]></message><stack-trace><![CDATA[None]]></stack-trace></failure><reason><message><![CDATA[]]></message></reason><output><![CDATA[]]></output></test-case><test-case id="124" name="tests/api/core/test_models.py::test_recommendation_k_best_arbitrary[conviction]" fullname="tests/api/core/test_models.py::test_recommendation_k_best_arbitrary[conviction]" methodname="test_recommendation_k_best_arbitrary[conviction]" classname="tests/api/core/test_models.py" runstate="Runnable" seed="1" result="Passed" label="" start-time="2024-05-02 23:07:35.598711" end-time="2024-05-02 23:07:35.601756" duration="0.003045" asserts="0"><properties><property name="python-version" value="3.8.10 (default, Nov 22 2023, 10:22:35) &#10;[GCC 9.4.0]" /><property name="fspath" value="tests/api/core/test_models.py" /></properties><environment framework-version="3.6.2" clr-version="3.8.10 (default, Nov 22 2023, 10:22:35) &#10;[GCC 9.4.0]" os-version="5.15.0-105-generic" platform="Linux" cwd="/home/brunolnetto/github/API" machine-name="x86_64" user="" user-domain="" culture="pt_BR" uiculture="pt_BR" os-architecture="64bit" /><failure><message><![CDATA[]]></message><stack-trace><![CDATA[None]]></stack-trace></failure><reason><message><![CDATA[]]></message></reason><output><![CDATA[]]></output></test-case><test-case id="125" name="tests/api/core/test_models.py::test_get_sv_recommender_invalid_suggestion_count" fullname="tests/api/core/test_models.py::test_get_sv_recommender_invalid_suggestion_count" methodname="test_get_sv_recommender_invalid_suggestion_count" classname="tests/api/core/test_models.py" runstate="Runnable" seed="1" result="Passed" label="" start-time="2024-05-02 23:07:35.603070" end-time="2024-05-02 23:07:35.603582" duration="0.000512" asserts="0"><properties><property name="python-version" value="3.8.10 (default, Nov 22 2023, 10:22:35) &#10;[GCC 9.4.0]" /><property name="fspath" value="tests/api/core/test_models.py" /></properties><environment framework-version="3.6.2" clr-version="3.8.10 (default, Nov 22 2023, 10:22:35) &#10;[GCC 9.4.0]" os-version="5.15.0-105-generic" platform="Linux" cwd="/home/brunolnetto/github/API" machine-name="x86_64" user="" user-domain="" culture="pt_BR" uiculture="pt_BR" os-architecture="64bit" /><failure><message><![CDATA[]]></message><stack-trace><![CDATA[None]]></stack-trace></failure><reason><message><![CDATA[]]></message></reason><output><![CDATA[]]></output></test-case><test-case id="126" name="tests/api/core/test_models.py::test_get_sv_recommender_metrics" fullname="tests/api/core/test_models.py::test_get_sv_recommender_metrics" methodname="test_get_sv_recommender_metrics" classname="tests/api/core/test_models.py" runstate="Runnable" seed="1" result="Passed" label="" start-time="2024-05-02 23:07:35.604172" end-time="2024-05-02 23:07:35.605609" duration="0.001437" asserts="0"><properties><property name="python-version" value="3.8.10 (default, Nov 22 2023, 10:22:35) &#10;[GCC 9.4.0]" /><property name="fspath" value="tests/api/core/test_models.py" /></properties><environment framework-version="3.6.2" clr-version="3.8.10 (default, Nov 22 2023, 10:22:35) &#10;[GCC 9.4.0]" os-version="5.15.0-105-generic" platform="Linux" cwd="/home/brunolnetto/github/API" machine-name="x86_64" user="" user-domain="" culture="pt_BR" uiculture="pt_BR" os-architecture="64bit" /><failure><message><![CDATA[]]></message><stack-trace><![CDATA[None]]></stack-trace></failure><reason><message><![CDATA[]]></message></reason><output><![CDATA[]]></output></test-case><test-case id="127" name="tests/api/core/test_models.py::test_get_sv_recommender_invalid_method" fullname="tests/api/core/test_models.py::test_get_sv_recommender_invalid_method" methodname="test_get_sv_recommender_invalid_method" classname="tests/api/core/test_models.py" runstate="Runnable" seed="1" result="Passed" label="" start-time="2024-05-02 23:07:35.609399" end-time="2024-05-02 23:07:35.611568" duration="0.002169" asserts="0"><properties><property name="python-version" value="3.8.10 (default, Nov 22 2023, 10:22:35) &#10;[GCC 9.4.0]" /><property name="fspath" value="tests/api/core/test_models.py" /></properties><environment framework-version="3.6.2" clr-version="3.8.10 (default, Nov 22 2023, 10:22:35) &#10;[GCC 9.4.0]" os-version="5.15.0-105-generic" platform="Linux" cwd="/home/brunolnetto/github/API" machine-name="x86_64" user="" user-domain="" culture="pt_BR" uiculture="pt_BR" os-architecture="64bit" /><failure><message><![CDATA[]]></message><stack-trace><![CDATA[None]]></stack-trace></failure><reason><message><![CDATA[]]></message></reason><output><![CDATA[]]></output></test-case><test-case id="128" name="tests/api/core/test_models.py::test_description" fullname="tests/api/core/test_models.py::test_description" methodname="test_description" classname="tests/api/core/test_models.py" runstate="Runnable" seed="1" result="Passed" label="" start-time="2024-05-02 23:07:35.614949" end-time="2024-05-02 23:07:35.615432" duration="0.000483" asserts="0"><properties><property name="python-version" value="3.8.10 (default, Nov 22 2023, 10:22:35) &#10;[GCC 9.4.0]" /><property name="fspath" value="tests/api/core/test_models.py" /></properties><environment framework-version="3.6.2" clr-version="3.8.10 (default, Nov 22 2023, 10:22:35) &#10;[GCC 9.4.0]" os-version="5.15.0-105-generic" platform="Linux" cwd="/home/brunolnetto/github/API" machine-name="x86_64" user="" user-domain="" culture="pt_BR" uiculture="pt_BR" os-architecture="64bit" /><failure><message><![CDATA[]]></message><stack-trace><![CDATA[None]]></stack-trace></failure><reason><message><![CDATA[]]></message></reason><output><![CDATA[]]></output></test-case><test-case id="129" name="tests/api/core/test_models.py::test_get_sv_recommender_invalid_item" fullname="tests/api/core/test_models.py::test_get_sv_recommender_invalid_item" methodname="test_get_sv_recommender_invalid_item" classname="tests/api/core/test_models.py" runstate="Runnable" seed="1" result="Passed" label="" start-time="2024-05-02 23:07:35.618779" end-time="2024-05-02 23:07:35.619229" duration="0.00045" asserts="0"><properties><property name="python-version" value="3.8.10 (default, Nov 22 2023, 10:22:35) &#10;[GCC 9.4.0]" /><property name="fspath" value="tests/api/core/test_models.py" /></properties><environment framework-version="3.6.2" clr-version="3.8.10 (default, Nov 22 2023, 10:22:35) &#10;[GCC 9.4.0]" os-version="5.15.0-105-generic" platform="Linux" cwd="/home/brunolnetto/github/API" machine-name="x86_64" user="" user-domain="" culture="pt_BR" uiculture="pt_BR" os-architecture="64bit" /><failure><message><![CDATA[]]></message><stack-trace><![CDATA[None]]></stack-trace></failure><reason><message><![CDATA[]]></message></reason><output><![CDATA[]]></output></test-case><environment framework-version="3.6.2" clr-version="3.8.10 (default, Nov 22 2023, 10:22:35) &#10;[GCC 9.4.0]" os-version="5.15.0-105-generic" platform="Linux" cwd="/home/brunolnetto/github/API" machine-name="x86_64" user="" user-domain="" culture="pt_BR" uiculture="pt_BR" os-architecture="64bit" /></test-suite><test-suite id="tests/api/core/test_utils.py" name="tests/api/core/test_utils.py" fullname="tests/api/core/test_utils.py" methodname="" classname="" runstate="Runnable" type="Assembly" testcasecount="5" result="Passed" label="" start-time="2024-05-02 23:07:35.620006" end-time="2024-05-02 23:07:35.634095" duration="0.014089" asserts="0" total="5" passed="5" failed="0" warnings="0" inconclusive="0" skipped="0"><properties><property name="python_version" value="3.8.10 (default, Nov 22 2023, 10:22:35) &#10;[GCC 9.4.0]" /></properties><test-case id="130" name="tests/api/core/test_utils.py::test_get_items_sample" fullname="tests/api/core/test_utils.py::test_get_items_sample" methodname="test_get_items_sample" classname="tests/api/core/test_utils.py" runstate="Runnable" seed="1" result="Passed" label="" start-time="2024-05-02 23:07:35.620006" end-time="2024-05-02 23:07:35.620583" duration="0.000577" asserts="0"><properties><property name="python-version" value="3.8.10 (default, Nov 22 2023, 10:22:35) &#10;[GCC 9.4.0]" /><property name="fspath" value="tests/api/core/test_utils.py" /></properties><environment framework-version="3.6.2" clr-version="3.8.10 (default, Nov 22 2023, 10:22:35) &#10;[GCC 9.4.0]" os-version="5.15.0-105-generic" platform="Linux" cwd="/home/brunolnetto/github/API" machine-name="x86_64" user="" user-domain="" culture="pt_BR" uiculture="pt_BR" os-architecture="64bit" /><failure><message><![CDATA[]]></message><stack-trace><![CDATA[None]]></stack-trace></failure><reason><message><![CDATA[]]></message></reason><output><![CDATA[]]></output></test-case><test-case id="131" name="tests/api/core/test_utils.py::test_get_sets_count_per_items_dict" fullname="tests/api/core/test_utils.py::test_get_sets_count_per_items_dict" methodname="test_get_sets_count_per_items_dict" classname="tests/api/core/test_utils.py" runstate="Runnable" seed="1" result="Passed" label="" start-time="2024-05-02 23:07:35.621250" end-time="2024-05-02 23:07:35.623365" duration="0.002115" asserts="0"><properties><property name="python-version" value="3.8.10 (default, Nov 22 2023, 10:22:35) &#10;[GCC 9.4.0]" /><property name="fspath" value="tests/api/core/test_utils.py" /></properties><environment framework-version="3.6.2" clr-version="3.8.10 (default, Nov 22 2023, 10:22:35) &#10;[GCC 9.4.0]" os-version="5.15.0-105-generic" platform="Linux" cwd="/home/brunolnetto/github/API" machine-name="x86_64" user="" user-domain="" culture="pt_BR" uiculture="pt_BR" os-architecture="64bit" /><failure><message><![CDATA[]]></message><stack-trace><![CDATA[None]]></stack-trace></failure><reason><message><![CDATA[]]></message></reason><output><![CDATA[]]></output></test-case><test-case id="132" name="tests/api/core/test_utils.py::test_get_items_neighbors_count" fullname="tests/api/core/test_utils.py::test_get_items_neighbors_count" methodname="test_get_items_neighbors_count" classname="tests/api/core/test_utils.py" runstate="Runnable" seed="1" result="Passed" label="" start-time="2024-05-02 23:07:35.624379" end-time="2024-05-02 23:07:35.626836" duration="0.002457" asserts="0"><properties><property name="python-version" value="3.8.10 (default, Nov 22 2023, 10:22:35) &#10;[GCC 9.4.0]" /><property name="fspath" value="tests/api/core/test_utils.py" /></properties><environment framework-version="3.6.2" clr-version="3.8.10 (default, Nov 22 2023, 10:22:35) &#10;[GCC 9.4.0]" os-version="5.15.0-105-generic" platform="Linux" cwd="/home/brunolnetto/github/API" machine-name="x86_64" user="" user-domain="" culture="pt_BR" uiculture="pt_BR" os-architecture="64bit" /><failure><message><![CDATA[]]></message><stack-trace><![CDATA[None]]></stack-trace></failure><reason><message><![CDATA[]]></message></reason><output><![CDATA[]]></output></test-case><test-case id="133" name="tests/api/core/test_utils.py::test_get_sets_count_per_items" fullname="tests/api/core/test_utils.py::test_get_sets_count_per_items" methodname="test_get_sets_count_per_items" classname="tests/api/core/test_utils.py" runstate="Runnable" seed="1" result="Passed" label="" start-time="2024-05-02 23:07:35.627759" end-time="2024-05-02 23:07:35.630441" duration="0.002682" asserts="0"><properties><property name="python-version" value="3.8.10 (default, Nov 22 2023, 10:22:35) &#10;[GCC 9.4.0]" /><property name="fspath" value="tests/api/core/test_utils.py" /></properties><environment framework-version="3.6.2" clr-version="3.8.10 (default, Nov 22 2023, 10:22:35) &#10;[GCC 9.4.0]" os-version="5.15.0-105-generic" platform="Linux" cwd="/home/brunolnetto/github/API" machine-name="x86_64" user="" user-domain="" culture="pt_BR" uiculture="pt_BR" os-architecture="64bit" /><failure><message><![CDATA[]]></message><stack-trace><![CDATA[None]]></stack-trace></failure><reason><message><![CDATA[]]></message></reason><output><![CDATA[]]></output></test-case><test-case id="134" name="tests/api/core/test_utils.py::test_get_sets_to_items_dict" fullname="tests/api/core/test_utils.py::test_get_sets_to_items_dict" methodname="test_get_sets_to_items_dict" classname="tests/api/core/test_utils.py" runstate="Runnable" seed="1" result="Passed" label="" start-time="2024-05-02 23:07:35.631190" end-time="2024-05-02 23:07:35.634095" duration="0.002905" asserts="0"><properties><property name="python-version" value="3.8.10 (default, Nov 22 2023, 10:22:35) &#10;[GCC 9.4.0]" /><property name="fspath" value="tests/api/core/test_utils.py" /></properties><environment framework-version="3.6.2" clr-version="3.8.10 (default, Nov 22 2023, 10:22:35) &#10;[GCC 9.4.0]" os-version="5.15.0-105-generic" platform="Linux" cwd="/home/brunolnetto/github/API" machine-name="x86_64" user="" user-domain="" culture="pt_BR" uiculture="pt_BR" os-architecture="64bit" /><failure><message><![CDATA[]]></message><stack-trace><![CDATA[None]]></stack-trace></failure><reason><message><![CDATA[]]></message></reason><output><![CDATA[]]></output></test-case><environment framework-version="3.6.2" clr-version="3.8.10 (default, Nov 22 2023, 10:22:35) &#10;[GCC 9.4.0]" os-version="5.15.0-105-generic" platform="Linux" cwd="/home/brunolnetto/github/API" machine-name="x86_64" user="" user-domain="" culture="pt_BR" uiculture="pt_BR" os-architecture="64bit" /></test-suite><test-suite id="tests/api/utils/test_file.py" name="tests/api/utils/test_file.py" fullname="tests/api/utils/test_file.py" methodname="" classname="" runstate="Runnable" type="Assembly" testcasecount="4" result="Passed" label="" start-time="2024-05-02 23:07:36.166008" end-time="2024-05-02 23:07:36.169455" duration="0.003447" asserts="0" total="4" passed="4" failed="0" warnings="0" inconclusive="0" skipped="0"><properties><property name="python_version" value="3.8.10 (default, Nov 22 2023, 10:22:35) &#10;[GCC 9.4.0]" /></properties><test-case id="163" name="tests/api/utils/test_file.py::test_get_filename" fullname="tests/api/utils/test_file.py::test_get_filename" methodname="test_get_filename" classname="tests/api/utils/test_file.py" runstate="Runnable" seed="1" result="Passed" label="" start-time="2024-05-02 23:07:36.166008" end-time="2024-05-02 23:07:36.166357" duration="0.000349" asserts="0"><properties><property name="python-version" value="3.8.10 (default, Nov 22 2023, 10:22:35) &#10;[GCC 9.4.0]" /><property name="fspath" value="tests/api/utils/test_file.py" /></properties><environment framework-version="3.6.2" clr-version="3.8.10 (default, Nov 22 2023, 10:22:35) &#10;[GCC 9.4.0]" os-version="5.15.0-105-generic" platform="Linux" cwd="/home/brunolnetto/github/API" machine-name="x86_64" user="" user-domain="" culture="pt_BR" uiculture="pt_BR" os-architecture="64bit" /><failure><message><![CDATA[]]></message><stack-trace><![CDATA[None]]></stack-trace></failure><reason><message><![CDATA[]]></message></reason><output><![CDATA[]]></output></test-case><test-case id="164" name="tests/api/utils/test_file.py::test_extend_filename" fullname="tests/api/utils/test_file.py::test_extend_filename" methodname="test_extend_filename" classname="tests/api/utils/test_file.py" runstate="Runnable" seed="1" result="Passed" label="" start-time="2024-05-02 23:07:36.166646" end-time="2024-05-02 23:07:36.166968" duration="0.000322" asserts="0"><properties><property name="python-version" value="3.8.10 (default, Nov 22 2023, 10:22:35) &#10;[GCC 9.4.0]" /><property name="fspath" value="tests/api/utils/test_file.py" /></properties><environment framework-version="3.6.2" clr-version="3.8.10 (default, Nov 22 2023, 10:22:35) &#10;[GCC 9.4.0]" os-version="5.15.0-105-generic" platform="Linux" cwd="/home/brunolnetto/github/API" machine-name="x86_64" user="" user-domain="" culture="pt_BR" uiculture="pt_BR" os-architecture="64bit" /><failure><message><![CDATA[]]></message><stack-trace><![CDATA[None]]></stack-trace></failure><reason><message><![CDATA[]]></message></reason><output><![CDATA[]]></output></test-case><test-case id="165" name="tests/api/utils/test_file.py::test_create_folder" fullname="tests/api/utils/test_file.py::test_create_folder" methodname="test_create_folder" classname="tests/api/utils/test_file.py" runstate="Runnable" seed="1" result="Passed" label="" start-time="2024-05-02 23:07:36.167612" end-time="2024-05-02 23:07:36.168117" duration="0.000505" asserts="0"><properties><property name="python-version" value="3.8.10 (default, Nov 22 2023, 10:22:35) &#10;[GCC 9.4.0]" /><property name="fspath" value="tests/api/utils/test_file.py" /></properties><environment framework-version="3.6.2" clr-version="3.8.10 (default, Nov 22 2023, 10:22:35) &#10;[GCC 9.4.0]" os-version="5.15.0-105-generic" platform="Linux" cwd="/home/brunolnetto/github/API" machine-name="x86_64" user="" user-domain="" culture="pt_BR" uiculture="pt_BR" os-architecture="64bit" /><failure><message><![CDATA[]]></message><stack-trace><![CDATA[None]]></stack-trace></failure><reason><message><![CDATA[]]></message></reason><output><![CDATA[]]></output></test-case><test-case id="166" name="tests/api/utils/test_file.py::test_create_folder_already_exists" fullname="tests/api/utils/test_file.py::test_create_folder_already_exists" methodname="test_create_folder_already_exists" classname="tests/api/utils/test_file.py" runstate="Runnable" seed="1" result="Passed" label="" start-time="2024-05-02 23:07:36.168953" end-time="2024-05-02 23:07:36.169455" duration="0.000502" asserts="0"><properties><property name="python-version" value="3.8.10 (default, Nov 22 2023, 10:22:35) &#10;[GCC 9.4.0]" /><property name="fspath" value="tests/api/utils/test_file.py" /></properties><environment framework-version="3.6.2" clr-version="3.8.10 (default, Nov 22 2023, 10:22:35) &#10;[GCC 9.4.0]" os-version="5.15.0-105-generic" platform="Linux" cwd="/home/brunolnetto/github/API" machine-name="x86_64" user="" user-domain="" culture="pt_BR" uiculture="pt_BR" os-architecture="64bit" /><failure><message><![CDATA[]]></message><stack-trace><![CDATA[None]]></stack-trace></failure><reason><message><![CDATA[]]></message></reason><output><![CDATA[]]></output></test-case><environment framework-version="3.6.2" clr-version="3.8.10 (default, Nov 22 2023, 10:22:35) &#10;[GCC 9.4.0]" os-version="5.15.0-105-generic" platform="Linux" cwd="/home/brunolnetto/github/API" machine-name="x86_64" user="" user-domain="" culture="pt_BR" uiculture="pt_BR" os-architecture="64bit" /></test-suite><test-suite id="tests/database/test_db_core.py::TestDatabaseRepository" name="tests/database/test_db_core.py::TestDatabaseRepository" fullname="tests/database/test_db_core.py::TestDatabaseRepository" methodname="" classname="" runstate="Runnable" type="Assembly" testcasecount="3" result="Passed" label="" start-time="2024-05-02 23:07:36.188068" end-time="2024-05-02 23:07:36.206112" duration="0.018044" asserts="0" total="3" passed="1" failed="2" warnings="0" inconclusive="0" skipped="0"><properties><property name="python_version" value="3.8.10 (default, Nov 22 2023, 10:22:35) &#10;[GCC 9.4.0]" /></properties><test-case id="185" name="tests/database/test_db_core.py::TestDatabaseRepository::test_get_success" fullname="tests/database/test_db_core.py::TestDatabaseRepository::test_get_success" methodname="test_get_success" classname="TestDatabaseRepository" runstate="Runnable" seed="1" result="Failed" label="" start-time="2024-05-02 23:07:36.188068" end-time="2024-05-02 23:07:36.196290" duration="0.008222" asserts="0"><properties><property name="python-version" value="3.8.10 (default, Nov 22 2023, 10:22:35) &#10;[GCC 9.4.0]" /><property name="fspath" value="tests/database/test_db_core.py" /></properties><environment framework-version="3.6.2" clr-version="3.8.10 (default, Nov 22 2023, 10:22:35) &#10;[GCC 9.4.0]" os-version="5.15.0-105-generic" platform="Linux" cwd="/home/brunolnetto/github/API" machine-name="x86_64" user="" user-domain="" culture="pt_BR" uiculture="pt_BR" os-architecture="64bit" /><failure><message><![CDATA[self = &lt;test_db_core.TestDatabaseRepository object at 0x7ffbb1f90b80&gt;, mocker = &lt;pytest_mock.plugin.MockerFixture object at 0x7ffbcf9731f0&gt;

    @pytest.mark.asyncio
    async def test_get_success(self, mocker):
        # Mock session and model
        session = AsyncMock()
        model = MagicMock()
        pk = 1
    
        # Create repository and call get
        repository = DatabaseRepository(model)
        entity = await repository.find_by_id(pk, session)
    
        # Assertions
&gt;       assert entity == model
E       AssertionError: assert &lt;AsyncMock name='mock.get()' id='140719495819952'&gt; == &lt;MagicMock id='140719496328480'&gt;
E         
E         Full diff:
E         &#x1b;[0m&#x1b;[91m- &lt;MagicMock id='140719496328480'&gt;&#x1b;[39;49;00m&#x1b;[90m&#x1b;[39;49;00m
E         &#x1b;[92m+ &lt;AsyncMock name='mock.get()' id='140719495819952'&gt;&#x1b;[39;49;00m&#x1b;[90m&#x1b;[39;49;00m

tests/database/test_db_core.py:37: AssertionError]]></message><stack-trace><![CDATA[/home/brunolnetto/github/API/tests/database/test_db_core.py:37: AssertionError: assert &lt;AsyncMock name='mock.get()' id='140719495819952'&gt; == &lt;MagicMock id='140719496328480'&gt;]]></stack-trace></failure><reason><message><![CDATA[]]></message></reason><output><![CDATA[]]></output></test-case><test-case id="186" name="tests/database/test_db_core.py::TestDatabaseRepository::test_find_failure" fullname="tests/database/test_db_core.py::TestDatabaseRepository::test_find_failure" methodname="test_find_failure" classname="TestDatabaseRepository" runstate="Runnable" seed="1" result="Failed" label="" start-time="2024-05-02 23:07:36.196948" end-time="2024-05-02 23:07:36.201149" duration="0.004201" asserts="0"><properties><property name="python-version" value="3.8.10 (default, Nov 22 2023, 10:22:35) &#10;[GCC 9.4.0]" /><property name="fspath" value="tests/database/test_db_core.py" /></properties><environment framework-version="3.6.2" clr-version="3.8.10 (default, Nov 22 2023, 10:22:35) &#10;[GCC 9.4.0]" os-version="5.15.0-105-generic" platform="Linux" cwd="/home/brunolnetto/github/API" machine-name="x86_64" user="" user-domain="" culture="pt_BR" uiculture="pt_BR" os-architecture="64bit" /><failure><message><![CDATA[self = &lt;test_db_core.TestDatabaseRepository object at 0x7ffbb1f90eb0&gt;, mocker = &lt;pytest_mock.plugin.MockerFixture object at 0x7ffbcf913ee0&gt;

    @pytest.mark.asyncio
    async def test_find_failure(self, mocker):
        # Mock session and model
        session = AsyncMock()
        model = MagicMock()
        pk = 1
        error = SQLAlchemyError("Something went wrong")
    
        # Mock failed retrieval and patch model.__name__
        model.__name__ = "TestModel"  # Patch the attribute
    
        # Create repository and expect exception
        repository = DatabaseRepository(model)
        with pytest.raises(RepositoryException) as excinfo:
&gt;           await repository.find_by_id(pk, session)
E           Failed: DID NOT RAISE &lt;class 'src.db.base.repository.RepositoryException'&gt;

tests/database/test_db_core.py:54: Failed]]></message><stack-trace><![CDATA[/home/brunolnetto/github/API/tests/database/test_db_core.py:54: Failed: DID NOT RAISE &lt;class 'src.db.base.repository.RepositoryException'&gt;]]></stack-trace></failure><reason><message><![CDATA[]]></message></reason><output><![CDATA[]]></output></test-case><test-case id="187" name="tests/database/test_db_core.py::TestDatabaseRepository::test_save_success" fullname="tests/database/test_db_core.py::TestDatabaseRepository::test_save_success" methodname="test_save_success" classname="TestDatabaseRepository" runstate="Runnable" seed="1" result="Passed" label="" start-time="2024-05-02 23:07:36.201801" end-time="2024-05-02 23:07:36.206112" duration="0.004311" asserts="0"><properties><property name="python-version" value="3.8.10 (default, Nov 22 2023, 10:22:35) &#10;[GCC 9.4.0]" /><property name="fspath" value="tests/database/test_db_core.py" /></properties><environment framework-version="3.6.2" clr-version="3.8.10 (default, Nov 22 2023, 10:22:35) &#10;[GCC 9.4.0]" os-version="5.15.0-105-generic" platform="Linux" cwd="/home/brunolnetto/github/API" machine-name="x86_64" user="" user-domain="" culture="pt_BR" uiculture="pt_BR" os-architecture="64bit" /><failure><message><![CDATA[]]></message><stack-trace><![CDATA[None]]></stack-trace></failure><reason><message><![CDATA[]]></message></reason><output><![CDATA[]]></output></test-case><environment framework-version="3.6.2" clr-version="3.8.10 (default, Nov 22 2023, 10:22:35) &#10;[GCC 9.4.0]" os-version="5.15.0-105-generic" platform="Linux" cwd="/home/brunolnetto/github/API" machine-name="x86_64" user="" user-domain="" culture="pt_BR" uiculture="pt_BR" os-architecture="64bit" /></test-suite><test-suite id="tests/api/core/test_algorithms.py" name="tests/api/core/test_algorithms.py" fullname="tests/api/core/test_algorithms.py" methodname="" classname="" runstate="Runnable" type="Assembly" testcasecount="2" result="Passed" label="" start-time="2024-05-02 23:07:35.526492" end-time="2024-05-02 23:07:35.535382" duration="0.00889" asserts="0" total="2" passed="2" failed="0" warnings="0" inconclusive="0" skipped="0"><properties><property name="python_version" value="3.8.10 (default, Nov 22 2023, 10:22:35) &#10;[GCC 9.4.0]" /></properties><test-case id="100" name="tests/api/core/test_algorithms.py::test_get_frequent_items_and_rules_dict" fullname="tests/api/core/test_algorithms.py::test_get_frequent_items_and_rules_dict" methodname="test_get_frequent_items_and_rules_dict" classname="tests/api/core/test_algorithms.py" runstate="Runnable" seed="1" result="Passed" label="" start-time="2024-05-02 23:07:35.526492" end-time="2024-05-02 23:07:35.532377" duration="0.005885" asserts="0"><properties><property name="python-version" value="3.8.10 (default, Nov 22 2023, 10:22:35) &#10;[GCC 9.4.0]" /><property name="fspath" value="tests/api/core/test_algorithms.py" /></properties><environment framework-version="3.6.2" clr-version="3.8.10 (default, Nov 22 2023, 10:22:35) &#10;[GCC 9.4.0]" os-version="5.15.0-105-generic" platform="Linux" cwd="/home/brunolnetto/github/API" machine-name="x86_64" user="" user-domain="" culture="pt_BR" uiculture="pt_BR" os-architecture="64bit" /><failure><message><![CDATA[]]></message><stack-trace><![CDATA[None]]></stack-trace></failure><reason><message><![CDATA[]]></message></reason><output><![CDATA[]]></output></test-case><test-case id="101" name="tests/api/core/test_algorithms.py::test_get_k_best_metrics" fullname="tests/api/core/test_algorithms.py::test_get_k_best_metrics" methodname="test_get_k_best_metrics" classname="tests/api/core/test_algorithms.py" runstate="Runnable" seed="1" result="Passed" label="" start-time="2024-05-02 23:07:35.533026" end-time="2024-05-02 23:07:35.535382" duration="0.002356" asserts="0"><properties><property name="python-version" value="3.8.10 (default, Nov 22 2023, 10:22:35) &#10;[GCC 9.4.0]" /><property name="fspath" value="tests/api/core/test_algorithms.py" /></properties><environment framework-version="3.6.2" clr-version="3.8.10 (default, Nov 22 2023, 10:22:35) &#10;[GCC 9.4.0]" os-version="5.15.0-105-generic" platform="Linux" cwd="/home/brunolnetto/github/API" machine-name="x86_64" user="" user-domain="" culture="pt_BR" uiculture="pt_BR" os-architecture="64bit" /><failure><message><![CDATA[]]></message><stack-trace><![CDATA[None]]></stack-trace></failure><reason><message><![CDATA[]]></message></reason><output><![CDATA[]]></output></test-case><environment framework-version="3.6.2" clr-version="3.8.10 (default, Nov 22 2023, 10:22:35) &#10;[GCC 9.4.0]" os-version="5.15.0-105-generic" platform="Linux" cwd="/home/brunolnetto/github/API" machine-name="x86_64" user="" user-domain="" culture="pt_BR" uiculture="pt_BR" os-architecture="64bit" /></test-suite><test-suite id="tests/api/routes/test_app.py" name="tests/api/routes/test_app.py" fullname="tests/api/routes/test_app.py" methodname="" classname="" runstate="Runnable" type="Assembly" testcasecount="4" result="Passed" label="" start-time="2024-05-02 23:07:35.635253" end-time="2024-05-02 23:07:35.652828" duration="0.017575" asserts="0" total="4" passed="4" failed="0" warnings="0" inconclusive="0" skipped="0"><properties><property name="python_version" value="3.8.10 (default, Nov 22 2023, 10:22:35) &#10;[GCC 9.4.0]" /></properties><test-case id="135" name="tests/api/routes/test_app.py::test_read_root" fullname="tests/api/routes/test_app.py::test_read_root" methodname="test_read_root" classname="tests/api/routes/test_app.py" runstate="Runnable" seed="1" result="Passed" label="" start-time="2024-05-02 23:07:35.635253" end-time="2024-05-02 23:07:35.643840" duration="0.008587" asserts="0"><properties><property name="python-version" value="3.8.10 (default, Nov 22 2023, 10:22:35) &#10;[GCC 9.4.0]" /><property name="fspath" value="tests/api/routes/test_app.py" /></properties><environment framework-version="3.6.2" clr-version="3.8.10 (default, Nov 22 2023, 10:22:35) &#10;[GCC 9.4.0]" os-version="5.15.0-105-generic" platform="Linux" cwd="/home/brunolnetto/github/API" machine-name="x86_64" user="" user-domain="" culture="pt_BR" uiculture="pt_BR" os-architecture="64bit" /><failure><message><![CDATA[]]></message><stack-trace><![CDATA[None]]></stack-trace></failure><reason><message><![CDATA[]]></message></reason><output><![CDATA[]]></output></test-case><test-case id="136" name="tests/api/routes/test_app.py::test_pong" fullname="tests/api/routes/test_app.py::test_pong" methodname="test_pong" classname="tests/api/routes/test_app.py" runstate="Runnable" seed="1" result="Passed" label="" start-time="2024-05-02 23:07:35.644534" end-time="2024-05-02 23:07:35.646731" duration="0.002197" asserts="0"><properties><property name="python-version" value="3.8.10 (default, Nov 22 2023, 10:22:35) &#10;[GCC 9.4.0]" /><property name="fspath" value="tests/api/routes/test_app.py" /></properties><environment framework-version="3.6.2" clr-version="3.8.10 (default, Nov 22 2023, 10:22:35) &#10;[GCC 9.4.0]" os-version="5.15.0-105-generic" platform="Linux" cwd="/home/brunolnetto/github/API" machine-name="x86_64" user="" user-domain="" culture="pt_BR" uiculture="pt_BR" os-architecture="64bit" /><failure><message><![CDATA[]]></message><stack-trace><![CDATA[None]]></stack-trace></failure><reason><message><![CDATA[]]></message></reason><output><![CDATA[]]></output></test-case><test-case id="137" name="tests/api/routes/test_app.py::test_health_check" fullname="tests/api/routes/test_app.py::test_health_check" methodname="test_health_check" classname="tests/api/routes/test_app.py" runstate="Runnable" seed="1" result="Passed" label="" start-time="2024-05-02 23:07:35.647346" end-time="2024-05-02 23:07:35.649396" duration="0.00205" asserts="0"><properties><property name="python-version" value="3.8.10 (default, Nov 22 2023, 10:22:35) &#10;[GCC 9.4.0]" /><property name="fspath" value="tests/api/routes/test_app.py" /></properties><environment framework-version="3.6.2" clr-version="3.8.10 (default, Nov 22 2023, 10:22:35) &#10;[GCC 9.4.0]" os-version="5.15.0-105-generic" platform="Linux" cwd="/home/brunolnetto/github/API" machine-name="x86_64" user="" user-domain="" culture="pt_BR" uiculture="pt_BR" os-architecture="64bit" /><failure><message><![CDATA[]]></message><stack-trace><![CDATA[None]]></stack-trace></failure><reason><message><![CDATA[]]></message></reason><output><![CDATA[]]></output></test-case><test-case id="138" name="tests/api/routes/test_app.py::test_info" fullname="tests/api/routes/test_app.py::test_info" methodname="test_info" classname="tests/api/routes/test_app.py" runstate="Runnable" seed="1" result="Passed" label="" start-time="2024-05-02 23:07:35.650005" end-time="2024-05-02 23:07:35.652828" duration="0.002823" asserts="0"><properties><property name="python-version" value="3.8.10 (default, Nov 22 2023, 10:22:35) &#10;[GCC 9.4.0]" /><property name="fspath" value="tests/api/routes/test_app.py" /></properties><environment framework-version="3.6.2" clr-version="3.8.10 (default, Nov 22 2023, 10:22:35) &#10;[GCC 9.4.0]" os-version="5.15.0-105-generic" platform="Linux" cwd="/home/brunolnetto/github/API" machine-name="x86_64" user="" user-domain="" culture="pt_BR" uiculture="pt_BR" os-architecture="64bit" /><failure><message><![CDATA[]]></message><stack-trace><![CDATA[None]]></stack-trace></failure><reason><message><![CDATA[]]></message></reason><output><![CDATA[]]></output></test-case><environment framework-version="3.6.2" clr-version="3.8.10 (default, Nov 22 2023, 10:22:35) &#10;[GCC 9.4.0]" os-version="5.15.0-105-generic" platform="Linux" cwd="/home/brunolnetto/github/API" machine-name="x86_64" user="" user-domain="" culture="pt_BR" uiculture="pt_BR" os-architecture="64bit" /></test-suite><test-suite id="tests/api/utils/test_statistics.py" name="tests/api/utils/test_statistics.py" fullname="tests/api/utils/test_statistics.py" methodname="" classname="" runstate="Runnable" type="Assembly" testcasecount="2" result="Passed" label="" start-time="2024-05-02 23:07:36.182216" end-time="2024-05-02 23:07:36.186632" duration="0.004416" asserts="0" total="2" passed="2" failed="0" warnings="0" inconclusive="0" skipped="0"><properties><property name="python_version" value="3.8.10 (default, Nov 22 2023, 10:22:35) &#10;[GCC 9.4.0]" /></properties><test-case id="182" name="tests/api/utils/test_statistics.py::test_get_list_statistics" fullname="tests/api/utils/test_statistics.py::test_get_list_statistics" methodname="test_get_list_statistics" classname="tests/api/utils/test_statistics.py" runstate="Runnable" seed="1" result="Passed" label="" start-time="2024-05-02 23:07:36.182216" end-time="2024-05-02 23:07:36.184240" duration="0.002024" asserts="0"><properties><property name="python-version" value="3.8.10 (default, Nov 22 2023, 10:22:35) &#10;[GCC 9.4.0]" /><property name="fspath" value="tests/api/utils/test_statistics.py" /></properties><environment framework-version="3.6.2" clr-version="3.8.10 (default, Nov 22 2023, 10:22:35) &#10;[GCC 9.4.0]" os-version="5.15.0-105-generic" platform="Linux" cwd="/home/brunolnetto/github/API" machine-name="x86_64" user="" user-domain="" culture="pt_BR" uiculture="pt_BR" os-architecture="64bit" /><failure><message><![CDATA[]]></message><stack-trace><![CDATA[None]]></stack-trace></failure><reason><message><![CDATA[]]></message></reason><output><![CDATA[]]></output></test-case
[...]
ture="64bit" /><failure><message><![CDATA[]]></message><stack-trace><![CDATA[None]]></stack-trace></failure><reason><message><![CDATA[]]></message></reason><output><![CDATA[]]></output></test-case><test-case id="173" name="tests/api/utils/test_native.py::test_cloudpickle_functions" fullname="tests/api/utils/test_native.py::test_cloudpickle_functions" methodname="test_cloudpickle_functions" classname="tests/api/utils/test_native.py" runstate="Runnable" seed="1" result="Passed" label="" start-time="2024-05-02 23:07:36.175247" end-time="2024-05-02 23:07:36.175910" duration="0.000663" asserts="0"><properties><property name="python-version" value="3.8.10 (default, Nov 22 2023, 10:22:35) &#10;[GCC 9.4.0]" /><property name="fspath" value="tests/api/utils/test_native.py" /></properties><environment framework-version="3.6.2" clr-version="3.8.10 (default, Nov 22 2023, 10:22:35) &#10;[GCC 9.4.0]" os-version="5.15.0-105-generic" platform="Linux" cwd="/home/brunolnetto/github/API" machine-name="x86_64" user="" user-domain="" culture="pt_BR" uiculture="pt_BR" os-architecture="64bit" /><failure><message><![CDATA[]]></message><stack-trace><![CDATA[None]]></stack-trace></failure><reason><message><![CDATA[]]></message></reason><output><![CDATA[]]></output></test-case><test-case id="174" name="tests/api/utils/test_native.py::test_remove_list_from_list[list10-list20-expected0]" fullname="tests/api/utils/test_native.py::test_remove_list_from_list[list10-list20-expected0]" methodname="test_remove_list_from_list[list10-list20-expected0]" classname="tests/api/utils/test_native.py" runstate="Runnable" seed="1" result="Passed" label="" start-time="2024-05-02 23:07:36.176355" end-time="2024-05-02 23:07:36.176807" duration="0.000452" asserts="0"><properties><property name="python-version" value="3.8.10 (default, Nov 22 2023, 10:22:35) &#10;[GCC 9.4.0]" /><property name="fspath" value="tests/api/utils/test_native.py" /></properties><environment framework-version="3.6.2" clr-version="3.8.10 (default, Nov 22 2023, 10:22:35) &#10;[GCC 9.4.0]" os-version="5.15.0-105-generic" platform="Linux" cwd="/home/brunolnetto/github/API" machine-name="x86_64" user="" user-domain="" culture="pt_BR" uiculture="pt_BR" os-architecture="64bit" /><failure><message><![CDATA[]]></message><stack-trace><![CDATA[None]]></stack-trace></failure><reason><message><![CDATA[]]></message></reason><output><![CDATA[]]></output></test-case><test-case id="175" name="tests/api/utils/test_native.py::test_remove_list_from_list[list11-list21-expected1]" fullname="tests/api/utils/test_native.py::test_remove_list_from_list[list11-list21-expected1]" methodname="test_remove_list_from_list[list11-list21-expected1]" classname="tests/api/utils/test_native.py" runstate="Runnable" seed="1" result="Passed" label="" start-time="2024-05-02 23:07:36.177253" end-time="2024-05-02 23:07:36.177617" duration="0.000364" asserts="0"><properties><property name="python-version" value="3.8.10 (default, Nov 22 2023, 10:22:35) &#10;[GCC 9.4.0]" /><property name="fspath" value="tests/api/utils/test_native.py" /></properties><environment framework-version="3.6.2" clr-version="3.8.10 (default, Nov 22 2023, 10:22:35) &#10;[GCC 9.4.0]" os-version="5.15.0-105-generic" platform="Linux" cwd="/home/brunolnetto/github/API" machine-name="x86_64" user="" user-domain="" culture="pt_BR" uiculture="pt_BR" os-architecture="64bit" /><failure><message><![CDATA[]]></message><stack-trace><![CDATA[None]]></stack-trace></failure><reason><message><![CDATA[]]></message></reason><output><![CDATA[]]></output></test-case><test-case id="176" name="tests/api/utils/test_native.py::test_remove_list_from_list[list12-list22-expected2]" fullname="tests/api/utils/test_native.py::test_remove_list_from_list[list12-list22-expected2]" methodname="test_remove_list_from_list[list12-list22-expected2]" classname="tests/api/utils/test_native.py" runstate="Runnable" seed="1" result="Passed" label="" start-time="2024-05-02 23:07:36.178021" end-time="2024-05-02 23:07:36.178371" duration="0.00035" asserts="0"><properties><property name="python-version" value="3.8.10 (default, Nov 22 2023, 10:22:35) &#10;[GCC 9.4.0]" /><property name="fspath" value="tests/api/utils/test_native.py" /></properties><environment framework-version="3.6.2" clr-version="3.8.10 (default, Nov 22 2023, 10:22:35) &#10;[GCC 9.4.0]" os-version="5.15.0-105-generic" platform="Linux" cwd="/home/brunolnetto/github/API" machine-name="x86_64" user="" user-domain="" culture="pt_BR" uiculture="pt_BR" os-architecture="64bit" /><failure><message><![CDATA[]]></message><stack-trace><![CDATA[None]]></stack-trace></failure><reason><message><![CDATA[]]></message></reason><output><![CDATA[]]></output></test-case><test-case id="177" name="tests/api/utils/test_native.py::test_remove_list_from_list[list13-list23-expected3]" fullname="tests/api/utils/test_native.py::test_remove_list_from_list[list13-list23-expected3]" methodname="test_remove_list_from_list[list13-list23-expected3]" classname="tests/api/utils/test_native.py" runstate="Runnable" seed="1" result="Passed" label="" start-time="2024-05-02 23:07:36.178754" end-time="2024-05-02 23:07:36.179104" duration="0.00035" asserts="0"><properties><property name="python-version" value="3.8.10 (default, Nov 22 2023, 10:22:35) &#10;[GCC 9.4.0]" /><property name="fspath" value="tests/api/utils/test_native.py" /></properties><environment framework-version="3.6.2" clr-version="3.8.10 (default, Nov 22 2023, 10:22:35) &#10;[GCC 9.4.0]" os-version="5.15.0-105-generic" platform="Linux" cwd="/home/brunolnetto/github/API" machine-name="x86_64" user="" user-domain="" culture="pt_BR" uiculture="pt_BR" os-architecture="64bit" /><failure><message><![CDATA[]]></message><stack-trace><![CDATA[None]]></stack-trace></failure><reason><message><![CDATA[]]></message></reason><output><![CDATA[]]></output></test-case><test-case id="178" name="tests/api/utils/test_native.py::test_remove_list_from_list[list14-list24-expected4]" fullname="tests/api/utils/test_native.py::test_remove_list_from_list[list14-list24-expected4]" methodname="test_remove_list_from_list[list14-list24-expected4]" classname="tests/api/utils/test_native.py" runstate="Runnable" seed="1" result="Passed" label="" start-time="2024-05-02 23:07:36.179503" end-time="2024-05-02 23:07:36.179865" duration="0.000362" asserts="0"><properties><property name="python-version" value="3.8.10 (default, Nov 22 2023, 10:22:35) &#10;[GCC 9.4.0]" /><property name="fspath" value="tests/api/utils/test_native.py" /></properties><environment framework-version="3.6.2" clr-version="3.8.10 (default, Nov 22 2023, 10:22:35) &#10;[GCC 9.4.0]" os-version="5.15.0-105-generic" platform="Linux" cwd="/home/brunolnetto/github/API" machine-name="x86_64" user="" user-domain="" culture="pt_BR" uiculture="pt_BR" os-architecture="64bit" /><failure><message><![CDATA[]]></message><stack-trace><![CDATA[None]]></stack-trace></failure><reason><message><![CDATA[]]></message></reason><output><![CDATA[]]></output></test-case><test-case id="179" name="tests/api/utils/test_native.py::test_remove_list_from_list_handles_duplicates" fullname="tests/api/utils/test_native.py::test_remove_list_from_list_handles_duplicates" methodname="test_remove_list_from_list_handles_duplicates" classname="tests/api/utils/test_native.py" runstate="Runnable" seed="1" result="Passed" label="" start-time="2024-05-02 23:07:36.180156" end-time="2024-05-02 23:07:36.180480" duration="0.000324" asserts="0"><properties><property name="python-version" value="3.8.10 (default, Nov 22 2023, 10:22:35) &#10;[GCC 9.4.0]" /><property name="fspath" value="tests/api/utils/test_native.py" /></properties><environment framework-version="3.6.2" clr-version="3.8.10 (default, Nov 22 2023, 10:22:35) &#10;[GCC 9.4.0]" os-version="5.15.0-105-generic" platform="Linux" cwd="/home/brunolnetto/github/API" machine-name="x86_64" user="" user-domain="" culture="pt_BR" uiculture="pt_BR" os-architecture="64bit" /><failure><message><![CDATA[]]></message><stack-trace><![CDATA[None]]></stack-trace></failure><reason><message><![CDATA[]]></message></reason><output><![CDATA[]]></output></test-case><test-case id="180" name="tests/api/utils/test_native.py::test_remove_list_from_list_returns_new_list" fullname="tests/api/utils/test_native.py::test_remove_list_from_list_returns_new_list" methodname="test_remove_list_from_list_returns_new_list" classname="tests/api/utils/test_native.py" runstate="Runnable" seed="1" result="Passed" label="" start-time="2024-05-02 23:07:36.180753" end-time="2024-05-02 23:07:36.181103" duration="0.00035" asserts="0"><properties><property name="python-version" value="3.8.10 (default, Nov 22 2023, 10:22:35) &#10;[GCC 9.4.0]" /><property name="fspath" value="tests/api/utils/test_native.py" /></properties><environment framework-version="3.6.2" clr-version="3.8.10 (default, Nov 22 2023, 10:22:35) &#10;[GCC 9.4.0]" os-version="5.15.0-105-generic" platform="Linux" cwd="/home/brunolnetto/github/API" machine-name="x86_64" user="" user-domain="" culture="pt_BR" uiculture="pt_BR" os-architecture="64bit" /><failure><message><![CDATA[]]></message><stack-trace><![CDATA[None]]></stack-trace></failure><reason><message><![CDATA[]]></message></reason><output><![CDATA[]]></output></test-case><environment framework-version="3.6.2" clr-version="3.8.10 (default, Nov 22 2023, 10:22:35) &#10;[GCC 9.4.0]" os-version="5.15.0-105-generic" platform="Linux" cwd="/home/brunolnetto/github/API" machine-name="x86_64" user="" user-domain="" culture="pt_BR" uiculture="pt_BR" os-architecture="64bit" /></test-suite><test-suite id="tests/api/routes/test_recommendation.py" name="tests/api/routes/test_recommendation.py" fullname="tests/api/routes/test_recommendation.py" methodname="" classname="" runstate="Runnable" type="Assembly" testcasecount="5" result="Passed" label="" start-time="2024-05-02 23:07:35.653527" end-time="2024-05-02 23:07:36.016622" duration="0.363095" asserts="0" total="5" passed="5" failed="0" warnings="0" inconclusive="0" skipped="0"><properties><property name="python_version" value="3.8.10 (default, Nov 22 2023, 10:22:35) &#10;[GCC 9.4.0]" /></properties><test-case id="139" name="tests/api/routes/test_recommendation.py::test_recommend_product_valid" fullname="tests/api/routes/test_recommendation.py::test_recommend_product_valid" methodname="test_recommend_product_valid" classname="tests/api/routes/test_recommendation.py" runstate="Runnable" seed="1" result="Passed" label="" start-time="2024-05-02 23:07:35.653527" end-time="2024-05-02 23:07:35.796223" duration="0.142696" asserts="0"><properties><property name="python-version" value="3.8.10 (default, Nov 22 2023, 10:22:35) &#10;[GCC 9.4.0]" /><property name="fspath" value="tests/api/routes/test_recommendation.py" /></properties><environment framework-version="3.6.2" clr-version="3.8.10 (default, Nov 22 2023, 10:22:35) &#10;[GCC 9.4.0]" os-version="5.15.0-105-generic" platform="Linux" cwd="/home/brunolnetto/github/API" machine-name="x86_64" user="" user-domain="" culture="pt_BR" uiculture="pt_BR" os-architecture="64bit" /><failure><message><![CDATA[]]></message><stack-trace><![CDATA[None]]></stack-trace></failure><reason><message><![CDATA[]]></message></reason><output><![CDATA[]]></output></test-case><test-case id="140" name="tests/api/routes/test_recommendation.py::test_recommend_product_empty_basket" fullname="tests/api/routes/test_recommendation.py::test_recommend_product_empty_basket" methodname="test_recommend_product_empty_basket" classname="tests/api/routes/test_recommendation.py" runstate="Runnable" seed="1" result="Passed" label="" start-time="2024-05-02 23:07:35.796941" end-time="2024-05-02 23:07:35.847415" duration="0.050474" asserts="0"><properties><property name="python-version" value="3.8.10 (default, Nov 22 2023, 10:22:35) &#10;[GCC 9.4.0]" /><property name="fspath" value="tests/api/routes/test_recommendation.py" /></properties><environment framework-version="3.6.2" clr-version="3.8.10 (default, Nov 22 2023, 10:22:35) &#10;[GCC 9.4.0]" os-version="5.15.0-105-generic" platform="Linux" cwd="/home/brunolnetto/github/API" machine-name="x86_64" user="" user-domain="" culture="pt_BR" uiculture="pt_BR" os-architecture="64bit" /><failure><message><![CDATA[]]></message><stack-trace><![CDATA[None]]></stack-trace></failure><reason><message><![CDATA[]]></message></reason><output><![CDATA[]]></output></test-case><test-case id="141" name="tests/api/routes/test_recommendation.py::test_recommend_product_missing_items" fullname="tests/api/routes/test_recommendation.py::test_recommend_product_missing_items" methodname="test_recommend_product_missing_items" classname="tests/api/routes/test_recommendation.py" runstate="Runnable" seed="1" result="Passed" label="" start-time="2024-05-02 23:07:35.848548" end-time="2024-05-02 23:07:35.961615" duration="0.113067" asserts="0"><properties><property name="python-version" value="3.8.10 (default, Nov 22 2023, 10:22:35) &#10;[GCC 9.4.0]" /><property name="fspath" value="tests/api/routes/test_recommendation.py" /></properties><environment framework-version="3.6.2" clr-version="3.8.10 (default, Nov 22 2023, 10:22:35) &#10;[GCC 9.4.0]" os-version="5.15.0-105-generic" platform="Linux" cwd="/home/brunolnetto/github/API" machine-name="x86_64" user="" user-domain="" culture="pt_BR" uiculture="pt_BR" os-architecture="64bit" /><failure><message><![CDATA[]]></message><stack-trace><![CDATA[None]]></stack-trace></failure><reason><message><![CDATA[]]></message></reason><output><![CDATA[]]></output></test-case><test-case id="142" name="tests/api/routes/test_recommendation.py::test_recommend_product_" fullname="tests/api/routes/test_recommendation.py::test_recommend_product_" methodname="test_recommend_product_" classname="tests/api/routes/test_recommendation.py" runstate="Runnable" seed="1" result="Passed" label="" start-time="2024-05-02 23:07:35.962325" end-time="2024-05-02 23:07:36.014068" duration="0.051743" asserts="0"><properties><property name="python-version" value="3.8.10 (default, Nov 22 2023, 10:22:35) &#10;[GCC 9.4.0]" /><property name="fspath" value="tests/api/routes/test_recommendation.py" /></properties><environment framework-version="3.6.2" clr-version="3.8.10 (default, Nov 22 2023, 10:22:35) &#10;[GCC 9.4.0]" os-version="5.15.0-105-generic" platform="Linux" cwd="/home/brunolnetto/github/API" machine-name="x86_64" user="" user-domain="" culture="pt_BR" uiculture="pt_BR" os-architecture="64bit" /><failure><message><![CDATA[]]></message><stack-trace><![CDATA[None]]></stack-trace></failure><reason><message><![CDATA[]]></message></reason><output><![CDATA[]]></output></test-case><test-case id="143" name="tests/api/routes/test_recommendation.py::test_recommend_product_invalid_request" fullname="tests/api/routes/test_recommendation.py::test_recommend_product_invalid_request" methodname="test_recommend_product_invalid_request" classname="tests/api/routes/test_recommendation.py" runstate="Runnable" seed="1" result="Passed" label="" start-time="2024-05-02 23:07:36.014672" end-time="2024-05-02 23:07:36.016622" duration="0.00195" asserts="0"><properties><property name="python-version" value="3.8.10 (default, Nov 22 2023, 10:22:35) &#10;[GCC 9.4.0]" /><property name="fspath" value="tests/api/routes/test_recommendation.py" /></properties><environment framework-version="3.6.2" clr-version="3.8.10 (default, Nov 22 2023, 10:22:35) &#10;[GCC 9.4.0]" os-version="5.15.0-105-generic" platform="Linux" cwd="/home/brunolnetto/github/API" machine-name="x86_64" user="" user-domain="" culture="pt_BR" uiculture="pt_BR" os-architecture="64bit" /><failure><message><![CDATA[]]></message><stack-trace><![CDATA[None]]></stack-trace></failure><reason><message><![CDATA[]]></message></reason><output><![CDATA[]]></output></test-case><environment framework-version="3.6.2" clr-version="3.8.10 (default, Nov 22 2023, 10:22:35) &#10;[GCC 9.4.0]" os-version="5.15.0-105-generic" platform="Linux" cwd="/home/brunolnetto/github/API" machine-name="x86_64" user="" user-domain="" culture="pt_BR" uiculture="pt_BR" os-architecture="64bit" /></test-suite><test-suite id="tests/api/utils/test_routes.py" name="tests/api/utils/test_routes.py" fullname="tests/api/utils/test_routes.py" methodname="" classname="" runstate="Runnable" type="Assembly" testcasecount="1" result="Passed" label="" start-time="2024-05-02 23:07:36.181433" end-time="2024-05-02 23:07:36.181823" duration="0.00039" asserts="0" total="1" passed="1" failed="0" warnings="0" inconclusive="0" skipped="0"><properties><property name="python_version" value="3.8.10 (default, Nov 22 2023, 10:22:35) &#10;[GCC 9.4.0]" /></properties><test-case id="181" name="tests/api/utils/test_routes.py::test_make_json_response" fullname="tests/api/utils/test_routes.py::test_make_json_response" methodname="test_make_json_response" classname="tests/api/utils/test_routes.py" runstate="Runnable" seed="1" result="Passed" label="" start-time="2024-05-02 23:07:36.181433" end-time="2024-05-02 23:07:36.181823" duration="0.00039" asserts="0"><properties><property name="python-version" value="3.8.10 (default, Nov 22 2023, 10:22:35) &#10;[GCC 9.4.0]" /><property name="fspath" value="tests/api/utils/test_routes.py" /></properties><environment framework-version="3.6.2" clr-version="3.8.10 (default, Nov 22 2023, 10:22:35) &#10;[GCC 9.4.0]" os-version="5.15.0-105-generic" platform="Linux" cwd="/home/brunolnetto/github/API" machine-name="x86_64" user="" user-domain="" culture="pt_BR" uiculture="pt_BR" os-architecture="64bit" /><failure><message><![CDATA[]]></message><stack-trace><![CDATA[None]]></stack-trace></failure><reason><message><![CDATA[]]></message></reason><output><![CDATA[]]></output></test-case><environment framework-version="3.6.2" clr-version="3.8.10 (default, Nov 22 2023, 10:22:35) &#10;[GCC 9.4.0]" os-version="5.15.0-105-generic" platform="Linux" cwd="/home/brunolnetto/github/API" machine-name="x86_64" user="" user-domain="" culture="pt_BR" uiculture="pt_BR" os-architecture="64bit" /></test-suite><test-suite id="tests/database/test_db_core.py::TestBaseRepository" name="tests/database/test_db_core.py::TestBaseRepository" fullname="tests/database/test_db_core.py::TestBaseRepository" methodname="" classname="" runstate="Runnable" type="Assembly" testcasecount="1" result="Passed" label="" start-time="2024-05-02 23:07:36.187019" end-time="2024-05-02 23:07:36.187411" duration="0.000392" asserts="0" total="1" passed="1" failed="0" warnings="0" inconclusive="0" skipped="0"><properties><property name="python_version" value="3.8.10 (default, Nov 22 2023, 10:22:35) &#10;[GCC 9.4.0]" /></properties><test-case id="184" name="tests/database/test_db_core.py::TestBaseRepository::test_is_abstract" fullname="tests/database/test_db_core.py::TestBaseRepository::test_is_abstract" methodname="test_is_abstract" classname="TestBaseRepository" runstate="Runnable" seed="1" result="Passed" label="" start-time="2024-05-02 23:07:36.187019" end-time="2024-05-02 23:07:36.187411" duration="0.000392" asserts="0"><properties><property name="python-version" value="3.8.10 (default, Nov 22 2023, 10:22:35) &#10;[GCC 9.4.0]" /><property name="fspath" value="tests/database/test_db_core.py" /></properties><environment framework-version="3.6.2" clr-version="3.8.10 (default, Nov 22 2023, 10:22:35) &#10;[GCC 9.4.0]" os-version="5.15.0-105-generic" platform="Linux" cwd="/home/brunolnetto/github/API" machine-name="x86_64" user="" user-domain="" culture="pt_BR" uiculture="pt_BR" os-architecture="64bit" /><failure><message><![CDATA[]]></message><stack-trace><![CDATA[None]]></stack-trace></failure><reason><message><![CDATA[]]></message></reason><output><![CDATA[]]></output></test-case><environment framework-version="3.6.2" clr-version="3.8.10 (default, Nov 22 2023, 10:22:35) &#10;[GCC 9.4.0]" os-version="5.15.0-105-generic" platform="Linux" cwd="/home/brunolnetto/github/API" machine-name="x86_64" user="" user-domain="" culture="pt_BR" uiculture="pt_BR" os-architecture="64bit" /></test-suite></test-run>